0 1.15719 s UNSATISFIABLE
1 1.47234 s UNSATISFIABLE
2 0.834361 s UNSATISFIABLE
3 0.932787 s UNSATISFIABLE
4 0 s UNSATISFIABLE
5 0.968063 s UNSATISFIABLE
6 0 s UNSATISFIABLE
7 0.658992 s UNSATISFIABLE
8 0.834329 s UNSATISFIABLE
9 2.98327 s UNSATISFIABLE
10 1.20211 s UNSATISFIABLE
11 1.16538 s UNSATISFIABLE
12 1.43173 s UNSATISFIABLE
13 0 s UNSATISFIABLE
14 1.11798 s UNSATISFIABLE
15 0.783649 s UNSATISFIABLE
16 1.2878 s UNSATISFIABLE
17 0.891969 s UNSATISFIABLE
18 1.32182 s UNSATISFIABLE
19 1.297 s UNSATISFIABLE
20 1.44091 s UNSATISFIABLE
21 1.14516 s UNSATISFIABLE
22 0.691819 s UNSATISFIABLE
23 1.61468 s UNSATISFIABLE
24 2.09861 s UNSATISFIABLE
25 1.22794 s UNSATISFIABLE
26 1.17481 s UNSATISFIABLE
27 1.20248 s UNSATISFIABLE
28 1.31449 s UNSATISFIABLE
29 0.807455 s UNSATISFIABLE
30 1.22575 s UNSATISFIABLE
31 1.20822 s UNSATISFIABLE
32 16.4649 s UNSATISFIABLE
33 0 s UNSATISFIABLE
34 3.27148 s UNSATISFIABLE
35 143.848 s UNSATISFIABLE
36 0 s UNSATISFIABLE
37 0 s UNSATISFIABLE
38 1.33364 s UNSATISFIABLE
39 0.825873 s UNSATISFIABLE
40 0.980648 s UNSATISFIABLE
41 1.20789 s UNSATISFIABLE
42 0.719459 s UNSATISFIABLE
43 1.20547 s UNSATISFIABLE
44 0.708341 s UNSATISFIABLE
45 0.964447 s UNSATISFIABLE
46 1.35956 s UNSATISFIABLE
47 4.56747 s UNSATISFIABLE
48 0.848689 s UNSATISFIABLE
49 0.873378 s UNSATISFIABLE
50 1.03434 s UNSATISFIABLE
51 0.968022 s UNSATISFIABLE
52 1.85923 s UNSATISFIABLE
53 1.26971 s UNSATISFIABLE
54 1.1802 s UNSATISFIABLE
55 2.48329 s UNSATISFIABLE
56 0.857858 s UNSATISFIABLE
57 1.21192 s UNSATISFIABLE
58 1.16551 s UNSATISFIABLE
59 1.38689 s UNSATISFIABLE
60 1.24505 s UNSATISFIABLE
61 2.30223 s UNSATISFIABLE
62 1.04606 s UNSATISFIABLE
63 1.16983 s UNSATISFIABLE
64 0.810079 s UNSATISFIABLE
65 0.94087 s UNSATISFIABLE
66 0.860122 s UNSATISFIABLE
67 1.62676 s UNSATISFIABLE
68 0.961813 s UNSATISFIABLE
69 1.10326 s UNSATISFIABLE
70 2.13758 s UNSATISFIABLE
71 1.16599 s UNSATISFIABLE
72 1.13878 s UNSATISFIABLE
73 0.983256 s UNSATISFIABLE
74 0 s UNSATISFIABLE
75 0.000896 s UNSATISFIABLE
76 0 s UNSATISFIABLE
77 0.000728 s UNSATISFIABLE
78 0 s UNSATISFIABLE
79 0 s UNSATISFIABLE
80 0 s UNSATISFIABLE
81 0 s UNSATISFIABLE
82 0.000872 s UNSATISFIABLE
83 0 s UNSATISFIABLE
84 0 s UNSATISFIABLE
85 0.0014 s UNSATISFIABLE
86 0.00118 s UNSATISFIABLE
87 0 s UNSATISFIABLE
88 0 s UNSATISFIABLE
89 0.000947 s UNSATISFIABLE
90 0.001238 s UNSATISFIABLE
91 0.002078 s UNSATISFIABLE
92 0.000891 s UNSATISFIABLE
93 0.002634 s UNSATISFIABLE
94 5.9e-05 s UNSATISFIABLE
95 0 s UNSATISFIABLE
96 0 s UNSATISFIABLE
97 0.001706 s UNSATISFIABLE
98 0 s UNSATISFIABLE
99 0 s UNSATISFIABLE
100 0.001765 s UNSATISFIABLE
101 0 s UNSATISFIABLE
102 0 s UNSATISFIABLE
103 0 s UNSATISFIABLE
104 0 s UNSATISFIABLE
105 0.001056 s UNSATISFIABLE
106 0 s UNSATISFIABLE
107 0.00086 s UNSATISFIABLE
108 0 s UNSATISFIABLE
109 0.001922 s UNSATISFIABLE
110 0 s UNSATISFIABLE
111 1.5406 s UNSATISFIABLE
112 1.05144 s UNSATISFIABLE
113 1.27636 s UNSATISFIABLE
114 0.999706 s UNSATISFIABLE
115 0.001941 s UNSATISFIABLE
116 1.11635 s UNSATISFIABLE
117 15.8144 s UNSATISFIABLE
118 0.001505 s UNSATISFIABLE
119 0.985725 s UNSATISFIABLE
120 0.946685 s UNSATISFIABLE
121 0.654496 s UNSATISFIABLE
122 1.09828 s UNSATISFIABLE
123 0 s UNSATISFIABLE
124 0.000808 s UNSATISFIABLE
125 0 s UNSATISFIABLE
126 18.2137 s UNSATISFIABLE
127 0 s UNSATISFIABLE
128 0 s UNSATISFIABLE
129 3.67212 s UNSATISFIABLE
130 0.849637 s UNSATISFIABLE
131 1.015 s UNSATISFIABLE
132 1.07445 s UNSATISFIABLE
133 1.09075 s UNSATISFIABLE
134 0.877828 s UNSATISFIABLE
135 0.897861 s UNSATISFIABLE
136 1.43559 s UNSATISFIABLE
137 0.000868 s UNSATISFIABLE
138 0.961604 s UNSATISFIABLE
139 0.951624 s UNSATISFIABLE
140 0.783132 s UNSATISFIABLE
141 0 s UNSATISFIABLE
142 0.953047 s UNSATISFIABLE
143 1.88806 s UNSATISFIABLE
144 2.50474 s UNSATISFIABLE
145 1.05155 s UNSATISFIABLE
146 0.853193 s UNSATISFIABLE
147 2.77101 s UNSATISFIABLE
148 1545.29 s UNSATISFIABLE
149 0.001819 s UNSATISFIABLE
150 0 s UNSATISFIABLE
151 0.00078 s UNSATISFIABLE
152 0 s UNSATISFIABLE
153 0.9067 s UNSATISFIABLE
154 0.00151 s UNSATISFIABLE
155 1.065 s UNSATISFIABLE
156 0.984391 s UNSATISFIABLE
157 0.90418 s UNSATISFIABLE
158 0.679763 s UNSATISFIABLE
159 1.09465 s UNSATISFIABLE
160 0 s UNSATISFIABLE
161 1.36004 s UNSATISFIABLE
162 1.35242 s UNSATISFIABLE
163 1.39801 s UNSATISFIABLE
164 1.07269 s UNSATISFIABLE
165 1.28665 s UNSATISFIABLE
166 0 s UNSATISFIABLE
167 0 s UNSATISFIABLE
168 2048.84 s UNSATISFIABLE
169 1277.87 s UNSATISFIABLE
170 465.789 s UNSATISFIABLE
171 4134.83 s UNSATISFIABLE
172 0 s UNSATISFIABLE
173 2.76572 s UNSATISFIABLE
174 1.28185 s UNSATISFIABLE
175 2.01728 s UNSATISFIABLE
176 2737.18 s UNSATISFIABLE
177 0 s UNSATISFIABLE
178 1033.4 s UNSATISFIABLE
179 397.62 s UNSATISFIABLE
180 4631.17 s UNSATISFIABLE
181 1555.69 s UNSATISFIABLE
182 1.00899 s UNSATISFIABLE
183 8.65621 s UNSATISFIABLE
184 19.0207 s UNSATISFIABLE
185 6.2999 s UNSATISFIABLE
186 0.000828 s UNSATISFIABLE
187 42.664 s UNSATISFIABLE
188 0.87842 s UNSATISFIABLE
189 8.57013 s UNSATISFIABLE
190 0 s UNSATISFIABLE
191 0 s UNSATISFIABLE
192 0 s UNSATISFIABLE
193 7.11497 s UNSATISFIABLE
194 9.78233 s UNSATISFIABLE
195 0.000711 s UNSATISFIABLE
196 15.5995 s UNSATISFIABLE
197 3.95841 s UNSATISFIABLE
198 10.8537 s UNSATISFIABLE
199 0 s UNSATISFIABLE
200 10.173 s UNSATISFIABLE
201 0 s UNSATISFIABLE
202 0 s UNSATISFIABLE
203 0 s UNSATISFIABLE
204 0 s UNSATISFIABLE
205 0 s UNSATISFIABLE
206 1878.07 s UNSATISFIABLE
207 940.042 s UNSATISFIABLE
208 1483.73 s UNSATISFIABLE
209 367.214 s UNSATISFIABLE
210 0 s UNSATISFIABLE
211 540.035 s UNSATISFIABLE
212 0.000819 s UNSATISFIABLE
213 437.41 s UNSATISFIABLE
214 28.0761 s UNSATISFIABLE
215 25.455 s UNSATISFIABLE
216 0.000809 s UNSATISFIABLE
217 0 s UNSATISFIABLE
218 0 s UNSATISFIABLE
219 0 s UNSATISFIABLE
220 90.064 s UNSATISFIABLE
221 1698.05 s UNSATISFIABLE
222 851.772 s UNSATISFIABLE
223 302.16 s UNSATISFIABLE
224 0 s UNSATISFIABLE
225 0.002054 s UNSATISFIABLE
226 0 s UNSATISFIABLE
227 1038.75 s UNSATISFIABLE
228 271.804 s UNSATISFIABLE
229 242.609 s UNSATISFIABLE
230 0.001812 s UNSATISFIABLE
231 0 s UNSATISFIABLE
232 1094.26 s UNSATISFIABLE
233 3407.59 s UNSATISFIABLE
234 655.473 s UNSATISFIABLE
235 1.24575 s UNSATISFIABLE
236 0 s UNSATISFIABLE
237 0 s UNSATISFIABLE
238 0 s UNSATISFIABLE
239 91.9162 s UNSATISFIABLE
240 85.1843 s UNSATISFIABLE
241 72.4627 s UNSATISFIABLE
242 0 s UNSATISFIABLE
243 0.000603 s UNSATISFIABLE
244 0 s UNSATISFIABLE
245 1.19862 s UNSATISFIABLE
246 738.701 s UNSATISFIABLE
247 1437.39 s UNSATISFIABLE
248 61.1341 s UNSATISFIABLE
249 0 s UNSATISFIABLE
250 298.523 s UNSATISFIABLE
251 1381.74 s UNSATISFIABLE
252 107.505 s UNSATISFIABLE
253 2.43305 s UNSATISFIABLE
254 63.476 s UNSATISFIABLE
255 0 s UNSATISFIABLE
256 0.000907 s UNSATISFIABLE
257 0 s UNSATISFIABLE
258 0 s UNSATISFIABLE
259 0 s UNSATISFIABLE
260 0.001066 s UNSATISFIABLE
261 0.002099 s UNSATISFIABLE
262 17.9011 s UNSATISFIABLE
263 0.001023 s UNSATISFIABLE
264 0 s UNSATISFIABLE
265 142.518 s UNSATISFIABLE
266 0 s UNSATISFIABLE
267 0.001855 s UNSATISFIABLE
268 5.15644 s UNSATISFIABLE
269 13.5034 s UNSATISFIABLE
270 0 s UNSATISFIABLE
271 0 s UNSATISFIABLE
272 0 s UNSATISFIABLE
273 0 s UNSATISFIABLE
274 1.04514 s UNSATISFIABLE
275 1.05183 s UNSATISFIABLE
276 1.29606 s UNSATISFIABLE
277 1.03316 s UNSATISFIABLE
278 1.3027 s UNSATISFIABLE
279 1.21953 s UNSATISFIABLE
280 1.20447 s UNSATISFIABLE
281 1.15974 s UNSATISFIABLE
282 1.32688 s UNSATISFIABLE
283 1.46814 s UNSATISFIABLE
284 1.40938 s UNSATISFIABLE
285 1.19978 s UNSATISFIABLE
286 1.0327 s UNSATISFIABLE
287 1.15705 s UNSATISFIABLE
288 1.21141 s UNSATISFIABLE
289 0 s UNSATISFIABLE
290 1155.61 s UNSATISFIABLE
291 0 s UNSATISFIABLE
292 1.40003 s UNSATISFIABLE
293 4.1593 s UNSATISFIABLE
294 106.318 s UNSATISFIABLE
295 0 s UNSATISFIABLE
296 8.95148 s UNSATISFIABLE
297 117.656 s UNSATISFIABLE
298 14.8892 s UNSATISFIABLE
299 9.43929 s UNSATISFIABLE
300 1.34444 s UNSATISFIABLE
301 8.8601 s UNSATISFIABLE
302 0.961584 s UNSATISFIABLE
303 0 s UNSATISFIABLE
304 60.4696 s UNSATISFIABLE
305 0.936063 s UNSATISFIABLE
306 2.21742 s UNSATISFIABLE
307 1.10894 s UNSATISFIABLE
308 1.3635 s UNSATISFIABLE
309 12.0761 s UNSATISFIABLE
310 1.29813 s UNSATISFIABLE
311 1.49388 s UNSATISFIABLE
312 1.56449 s UNSATISFIABLE
313 1.31722 s UNSATISFIABLE
314 2.11046 s UNSATISFIABLE
315 1.35266 s UNSATISFIABLE
316 1.1548 s UNSATISFIABLE
317 0 s UNSATISFIABLE
318 1.04117 s UNSATISFIABLE
319 1.03745 s UNSATISFIABLE
320 1.31171 s UNSATISFIABLE
321 0.812821 s UNSATISFIABLE
322 1.37453 s UNSATISFIABLE
323 0.001388 s UNSATISFIABLE
324 1.36821 s UNSATISFIABLE
325 0.610698 s UNSATISFIABLE
326 1.00747 s UNSATISFIABLE
327 2.02615 s UNSATISFIABLE
328 1.06989 s UNSATISFIABLE
329 1.17642 s UNSATISFIABLE
330 0.912988 s UNSATISFIABLE
331 0.949869 s UNSATISFIABLE
332 0.688907 s UNSATISFIABLE
333 1.08609 s UNSATISFIABLE
334 1.44977 s UNSATISFIABLE
335 1.01963 s UNSATISFIABLE
336 0.956639 s UNSATISFIABLE
337 1.28985 s UNSATISFIABLE
338 1.20923 s UNSATISFIABLE
339 1.33552 s UNSATISFIABLE
340 0.96126 s UNSATISFIABLE
341 0.972094 s UNSATISFIABLE
342 1.05748 s UNSATISFIABLE
343 1.11447 s UNSATISFIABLE
344 1.31888 s UNSATISFIABLE
345 1.68362 s UNSATISFIABLE
346 1.02289 s UNSATISFIABLE
347 1.18419 s UNSATISFIABLE
348 1.02021 s UNSATISFIABLE
349 0 s UNSATISFIABLE
350 1.17588 s UNSATISFIABLE
351 0.570397 s UNSATISFIABLE
352 2.20253 s UNSATISFIABLE
353 7.21529 s UNSATISFIABLE
354 0.849482 s UNSATISFIABLE
355 1.10971 s UNSATISFIABLE
356 0 s UNSATISFIABLE
357 1.18638 s UNSATISFIABLE
358 1.57558 s UNSATISFIABLE
359 1.3423 s UNSATISFIABLE
360 1.22612 s UNSATISFIABLE
361 1.0327 s UNSATISFIABLE
362 27.5238 s UNSATISFIABLE
363 7.02864 s UNSATISFIABLE
364 1.08107 s UNSATISFIABLE
365 9.04754 s UNSATISFIABLE
366 4.09012 s UNSATISFIABLE
367 2.88324 s UNSATISFIABLE
368 64.6667 s UNSATISFIABLE
369 1284.55 s UNSATISFIABLE
370 1.1468 s UNSATISFIABLE
371 0.667003 s UNSATISFIABLE
372 1.18812 s UNSATISFIABLE
373 1.09592 s UNSATISFIABLE
374 0.502469 s UNSATISFIABLE
375 0 s UNSATISFIABLE
376 1.58238 s UNSATISFIABLE
377 2.95941 s UNSATISFIABLE
378 2.99027 s UNSATISFIABLE
379 81.1931 s UNSATISFIABLE
380 0 s UNSATISFIABLE
381 25.0991 s UNSATISFIABLE
382 2.56048 s UNSATISFIABLE
383 1.13228 s UNSATISFIABLE
384 1.22001 s UNSATISFIABLE
385 21.6097 s UNSATISFIABLE
386 474.38 s UNSATISFIABLE
387 31.8551 s UNSATISFIABLE
388 27.7788 s UNSATISFIABLE
389 0.861438 s UNSATISFIABLE
390 1.09171 s UNSATISFIABLE
391 1.33407 s UNSATISFIABLE
392 5.69132 s UNSATISFIABLE
393 1.94544 s UNSATISFIABLE
394 1.42069 s UNSATISFIABLE
395 10.8033 s UNSATISFIABLE
396 251.593 s UNSATISFIABLE
397 0.002554 s UNSATISFIABLE
398 292.099 s UNSATISFIABLE
399 63.1553 s UNSATISFIABLE
400 78.1856 s UNSATISFIABLE
401 292.49 s UNSATISFIABLE
402 37.3022 s UNSATISFIABLE
403 5.21322 s UNSATISFIABLE
404 156.674 s UNSATISFIABLE
405 296.909 s UNSATISFIABLE
406 1.40658 s UNSATISFIABLE
407 0.00121 s UNSATISFIABLE
408 255.165 s UNSATISFIABLE
409 0.000739 s UNSATISFIABLE
410 0.955075 s UNSATISFIABLE
411 1235.98 s UNSATISFIABLE
412 0 s UNSATISFIABLE
413 91.2151 s UNSATISFIABLE
414 1080.77 s UNSATISFIABLE
415 0.001494 s UNSATISFIABLE
416 0 s UNSATISFIABLE
417 0.002589 s UNSATISFIABLE
418 0.668458 s UNSATISFIABLE
419 0.94699 s UNSATISFIABLE
420 0.847881 s UNSATISFIABLE
421 0.938445 s UNSATISFIABLE
422 0.9775 s UNSATISFIABLE
423 0 s UNSATISFIABLE
424 0.895072 s UNSATISFIABLE
425 0.000932 s UNSATISFIABLE
426 1.05113 s UNSATISFIABLE
427 1.17514 s UNSATISFIABLE
428 0.001977 s UNSATISFIABLE
429 61.7487 s UNSATISFIABLE
430 0 s UNSATISFIABLE
431 0 s UNSATISFIABLE
432 0 s UNSATISFIABLE
433 0 s UNSATISFIABLE
434 0 s UNSATISFIABLE
435 0.002635 s UNSATISFIABLE
436 0 s UNSATISFIABLE
437 0 s UNSATISFIABLE
438 0.951496 s UNSATISFIABLE
439 24.5063 s UNSATISFIABLE
440 2.02491 s UNSATISFIABLE
441 50.831 s UNSATISFIABLE
442 0 s UNSATISFIABLE
443 0.00184 s UNSATISFIABLE
444 63.3112 s UNSATISFIABLE
445 0 s UNSATISFIABLE
446 0 s UNSATISFIABLE
447 1.0205 s UNSATISFIABLE
448 1.16664 s UNSATISFIABLE
449 0.940877 s UNSATISFIABLE
450 0.991675 s UNSATISFIABLE
451 0.92453 s UNSATISFIABLE
452 0.914789 s UNSATISFIABLE
453 0.914504 s UNSATISFIABLE
454 0.943844 s UNSATISFIABLE
455 0.884456 s UNSATISFIABLE
456 0.951907 s UNSATISFIABLE
457 0.898082 s UNSATISFIABLE
458 0.961983 s UNSATISFIABLE
459 688.728 s UNSATISFIABLE
460 2.00992 s UNSATISFIABLE
461 0.802691 s UNSATISFIABLE
462 0.002524 s UNSATISFIABLE
463 1.68976 s UNSATISFIABLE
464 3.49972 s UNSATISFIABLE
465 1.58695 s UNSATISFIABLE
466 0 s UNSATISFIABLE
467 0 s UNSATISFIABLE
468 0 s UNSATISFIABLE
469 0 s UNSATISFIABLE
470 1.00919 s UNSATISFIABLE
471 1.21021 s UNSATISFIABLE
472 1.22111 s UNSATISFIABLE
473 1.48736 s UNSATISFIABLE
474 0.95233 s UNSATISFIABLE
475 1.23709 s UNSATISFIABLE
476 1.1247 s UNSATISFIABLE
477 0 s UNSATISFIABLE
478 0 s UNSATISFIABLE
479 0.972817 s UNSATISFIABLE
480 1.0141 s UNSATISFIABLE
481 0.947022 s UNSATISFIABLE
482 2.30762 s UNSATISFIABLE
483 0.001819 s UNSATISFIABLE
484 0.974969 s UNSATISFIABLE
485 1.08456 s UNSATISFIABLE
486 1.19632 s UNSATISFIABLE
487 0 s UNSATISFIABLE
488 0 s UNSATISFIABLE
489 0 s UNSATISFIABLE
490 226.243 s UNSATISFIABLE
491 9.4829 s UNSATISFIABLE
492 0 s UNSATISFIABLE
493 0 s UNSATISFIABLE
494 0 s UNSATISFIABLE
495 0.002591 s UNSATISFIABLE
496 0.000528 s UNSATISFIABLE
497 1.34951 s UNSATISFIABLE
498 0 s UNSATISFIABLE
499 1.15501 s UNSATISFIABLE
500 0.945015 s UNSATISFIABLE
501 0 s UNSATISFIABLE
502 0.729163 s UNSATISFIABLE
503 1.06469 s UNSATISFIABLE
504 0.002063 s UNSATISFIABLE
505 0.428559 s UNSATISFIABLE
506 0 s UNSATISFIABLE
507 0 s UNSATISFIABLE
508 1.06031 s UNSATISFIABLE
509 0.924092 s UNSATISFIABLE
510 0.592666 s UNSATISFIABLE
511 182.531 s UNSATISFIABLE
512 1193.63 s UNSATISFIABLE
513 290.932 s UNSATISFIABLE
514 1.45278 s UNSATISFIABLE
515 1.12598 s UNSATISFIABLE
516 1.17364 s UNSATISFIABLE
517 575.757 s UNSATISFIABLE
518 157.2 s UNSATISFIABLE
519 339.445 s UNSATISFIABLE
520 1.15945 s UNSATISFIABLE
521 1.46536 s UNSATISFIABLE
522 1.18954 s UNSATISFIABLE
523 1.08295 s UNSATISFIABLE
524 1.45873 s UNSATISFIABLE
525 0.930134 s UNSATISFIABLE
526 0 s UNSATISFIABLE
527 1.16583 s UNSATISFIABLE
528 0 s UNSATISFIABLE
529 0 s UNSATISFIABLE
530 1.19864 s UNSATISFIABLE
531 1.18793 s UNSATISFIABLE
532 1.24242 s UNSATISFIABLE
533 1.17097 s UNSATISFIABLE
534 1.39067 s UNSATISFIABLE
535 1.36121 s UNSATISFIABLE
536 1.20042 s UNSATISFIABLE
537 1.37784 s UNSATISFIABLE
538 0 s UNSATISFIABLE
539 1.37016 s UNSATISFIABLE
540 0 s UNSATISFIABLE
541 0.953572 s UNSATISFIABLE
542 0.908416 s UNSATISFIABLE
543 1.14379 s UNSATISFIABLE
544 1.05194 s UNSATISFIABLE
545 1.20292 s UNSATISFIABLE
546 1.18795 s UNSATISFIABLE
547 1.37362 s UNSATISFIABLE
548 1.17591 s UNSATISFIABLE
549 1.31366 s UNSATISFIABLE
550 1.16053 s UNSATISFIABLE
551 1.23075 s UNSATISFIABLE
552 0.001363 s UNSATISFIABLE
553 0 s UNSATISFIABLE
554 4.7e-05 s UNSATISFIABLE
555 0 s UNSATISFIABLE
556 0 s UNSATISFIABLE
557 0.000923 s UNSATISFIABLE
558 0.000662 s UNSATISFIABLE
559 0 s UNSATISFIABLE
560 0.000526 s UNSATISFIABLE
561 0 s UNSATISFIABLE
562 0 s UNSATISFIABLE
563 0 s UNSATISFIABLE
564 0 s UNSATISFIABLE
565 1.22983 s UNSATISFIABLE
566 1.0494 s UNSATISFIABLE
567 1.57783 s UNSATISFIABLE
568 1.40742 s UNSATISFIABLE
569 1.05093 s UNSATISFIABLE
570 1.21146 s UNSATISFIABLE
571 1.27214 s UNSATISFIABLE
572 1.2403 s UNSATISFIABLE
573 1.17454 s UNSATISFIABLE
574 1.23704 s UNSATISFIABLE
575 1.37481 s UNSATISFIABLE
576 1.14479 s UNSATISFIABLE
577 1.46549 s UNSATISFIABLE
578 1.38809 s UNSATISFIABLE
579 1.24416 s UNSATISFIABLE
580 1.32308 s UNSATISFIABLE
581 1.03697 s UNSATISFIABLE
582 1.1024 s UNSATISFIABLE
583 0.000554 s UNSATISFIABLE
584 1.11122 s UNSATISFIABLE
585 0 s UNSATISFIABLE
586 0 s UNSATISFIABLE
587 1.17551 s UNSATISFIABLE
588 1.41008 s UNSATISFIABLE
589 1.11976 s UNSATISFIABLE
590 1.31286 s UNSATISFIABLE
591 0.910825 s UNSATISFIABLE
592 1.27493 s UNSATISFIABLE
593 1.34419 s UNSATISFIABLE
594 1.22103 s UNSATISFIABLE
595 0 s UNSATISFIABLE
596 0.806023 s UNSATISFIABLE
597 1.17244 s UNSATISFIABLE
598 1.41381 s UNSATISFIABLE
599 1.22765 s UNSATISFIABLE
600 1.18878 s UNSATISFIABLE
601 1.29214 s UNSATISFIABLE
602 1.00834 s UNSATISFIABLE
603 0.002001 s UNSATISFIABLE
604 1.01543 s UNSATISFIABLE
605 1.37502 s UNSATISFIABLE
606 0.902763 s UNSATISFIABLE
607 0 s UNSATISFIABLE
608 0.95781 s UNSATISFIABLE
609 0.001434 s UNSATISFIABLE
610 0.000611 s UNSATISFIABLE
611 1.13328 s UNSATISFIABLE
612 0 s UNSATISFIABLE
613 0.000679 s UNSATISFIABLE
614 0 s UNSATISFIABLE
615 0 s UNSATISFIABLE
616 0.925828 s UNSATISFIABLE
617 1.12194 s UNSATISFIABLE
618 1.1829 s UNSATISFIABLE
619 0.904741 s UNSATISFIABLE
620 0.001708 s UNSATISFIABLE
621 0 s UNSATISFIABLE
622 1.11554 s UNSATISFIABLE
623 1.07319 s UNSATISFIABLE
624 0.997525 s UNSATISFIABLE
625 1.03798 s UNSATISFIABLE
626 0.876803 s UNSATISFIABLE
627 0.941856 s UNSATISFIABLE
628 1.25213 s UNSATISFIABLE
629 1.08492 s UNSATISFIABLE
630 1.19883 s UNSATISFIABLE
631 1.60246 s UNSATISFIABLE
632 1.41877 s UNSATISFIABLE
633 1.61687 s UNSATISFIABLE
634 1.14783 s UNSATISFIABLE
635 1.27879 s UNSATISFIABLE
636 1.04665 s UNSATISFIABLE
637 0.932503 s UNSATISFIABLE
638 1.448 s UNSATISFIABLE
639 1.23489 s UNSATISFIABLE
640 1.13686 s UNSATISFIABLE
641 1.59779 s UNSATISFIABLE
642 1.07167 s UNSATISFIABLE
643 0.984509 s UNSATISFIABLE
644 1.12129 s UNSATISFIABLE
645 1.16884 s UNSATISFIABLE
646 1.15965 s UNSATISFIABLE
647 1.15922 s UNSATISFIABLE
648 1.02232 s UNSATISFIABLE
649 1.26599 s UNSATISFIABLE
650 1.34287 s UNSATISFIABLE
651 1.19007 s UNSATISFIABLE
652 1.25484 s UNSATISFIABLE
653 1.17697 s UNSATISFIABLE
654 1.26734 s UNSATISFIABLE
655 1.34675 s UNSATISFIABLE
656 1.26093 s UNSATISFIABLE
657 1.18482 s UNSATISFIABLE
658 1.27089 s UNSATISFIABLE
659 1.12841 s UNSATISFIABLE
660 1.35078 s UNSATISFIABLE
661 1.44223 s UNSATISFIABLE
662 1.59257 s UNSATISFIABLE
663 0.726802 s UNSATISFIABLE
664 1.00717 s UNSATISFIABLE
665 1.15801 s UNSATISFIABLE
666 0 s UNSATISFIABLE
667 1.2187 s UNSATISFIABLE
668 1.24354 s UNSATISFIABLE
669 0.930666 s UNSATISFIABLE
670 1.11362 s UNSATISFIABLE
671 1.28618 s UNSATISFIABLE
672 0.819307 s UNSATISFIABLE
673 1.27218 s UNSATISFIABLE
674 1.20866 s UNSATISFIABLE
675 1.11599 s UNSATISFIABLE
676 1.08147 s UNSATISFIABLE
677 0 s UNSATISFIABLE
678 1.21438 s UNSATISFIABLE
679 1.16507 s UNSATISFIABLE
680 1.22639 s UNSATISFIABLE
681 1.05508 s UNSATISFIABLE
682 1.08381 s UNSATISFIABLE
683 1.19335 s UNSATISFIABLE
684 1.18979 s UNSATISFIABLE
685 0.783938 s UNSATISFIABLE
686 1.08405 s UNSATISFIABLE
687 1.12512 s UNSATISFIABLE
688 0.960007 s UNSATISFIABLE
689 1.06745 s UNSATISFIABLE
690 1.15688 s UNSATISFIABLE
691 1.23895 s UNSATISFIABLE
692 1.30804 s UNSATISFIABLE
693 1.18171 s UNSATISFIABLE
694 1.26215 s UNSATISFIABLE
695 1.60221 s UNSATISFIABLE
696 1.01017 s UNSATISFIABLE
697 1.50056 s UNSATISFIABLE
698 1.31218 s UNSATISFIABLE
699 1.21049 s UNSATISFIABLE
700 1.45492 s UNSATISFIABLE
701 0.981694 s UNSATISFIABLE
702 0.991916 s UNSATISFIABLE
703 0.935796 s UNSATISFIABLE
704 0 s UNSATISFIABLE
705 0.000522 s UNSATISFIABLE
706 1.09944 s UNSATISFIABLE
707 0 s UNSATISFIABLE
708 1.22472 s UNSATISFIABLE
709 0 s UNSATISFIABLE
710 0.002702 s UNSATISFIABLE
711 1.24597 s UNSATISFIABLE
712 0 s UNSATISFIABLE
713 1.25591 s UNSATISFIABLE
714 1.19137 s UNSATISFIABLE
715 1.18443 s UNSATISFIABLE
716 0.936775 s UNSATISFIABLE
717 1.50204 s UNSATISFIABLE
718 1.41082 s UNSATISFIABLE
719 1.12458 s UNSATISFIABLE
720 1.34042 s UNSATISFIABLE
721 0 s UNSATISFIABLE
722 1.2086 s UNSATISFIABLE
723 0.968193 s UNSATISFIABLE
724 1.1902 s UNSATISFIABLE
725 1.29937 s UNSATISFIABLE
726 1.34484 s UNSATISFIABLE
727 1.36025 s UNSATISFIABLE
728 1.33245 s UNSATISFIABLE
729 1.07983 s UNSATISFIABLE
730 1.30806 s UNSATISFIABLE
731 1.37032 s UNSATISFIABLE
732 1.37495 s UNSATISFIABLE
733 1.31422 s UNSATISFIABLE
734 1.18843 s UNSATISFIABLE
735 1.2923 s UNSATISFIABLE
736 1.27856 s UNSATISFIABLE
737 0.942597 s UNSATISFIABLE
738 1.31091 s UNSATISFIABLE
739 0.001453 s UNSATISFIABLE
740 0.002737 s UNSATISFIABLE
741 0.858843 s UNSATISFIABLE
742 0 s UNSATISFIABLE
743 0 s UNSATISFIABLE
744 0.000649 s UNSATISFIABLE
745 0.001416 s UNSATISFIABLE
746 0.000955 s UNSATISFIABLE
747 1.1251 s UNSATISFIABLE
748 1.38105 s UNSATISFIABLE
749 1.00392 s UNSATISFIABLE
750 1.19841 s UNSATISFIABLE
751 1.13331 s UNSATISFIABLE
752 1.12698 s UNSATISFIABLE
753 1.30063 s UNSATISFIABLE
754 1.16967 s UNSATISFIABLE
755 0.963463 s UNSATISFIABLE
756 1.48427 s UNSATISFIABLE
757 1.54298 s UNSATISFIABLE
758 0 s UNSATISFIABLE
759 1.20546 s UNSATISFIABLE
760 1.15458 s UNSATISFIABLE
761 1.10145 s UNSATISFIABLE
762 0.830056 s UNSATISFIABLE
763 1.0619 s UNSATISFIABLE
764 1.0882 s UNSATISFIABLE
765 1.32395 s UNSATISFIABLE
766 1.12721 s UNSATISFIABLE
767 1.26396 s UNSATISFIABLE
768 4.91978 s UNSATISFIABLE
769 1.64684 s UNSATISFIABLE
770 1.03942 s UNSATISFIABLE
771 1.03124 s UNSATISFIABLE
772 1.06185 s UNSATISFIABLE
773 1.23453 s UNSATISFIABLE
774 1.13885 s UNSATISFIABLE
775 1.07215 s UNSATISFIABLE
776 0.99386 s UNSATISFIABLE
777 1.37136 s UNSATISFIABLE
778 0.000686 s UNSATISFIABLE
779 0.95077 s UNSATISFIABLE
780 1.23941 s UNSATISFIABLE
781 1.44092 s UNSATISFIABLE
782 1.22416 s UNSATISFIABLE
783 1.23043 s UNSATISFIABLE
784 0.749802 s UNSATISFIABLE
785 0.001225 s UNSATISFIABLE
786 1.10334 s UNSATISFIABLE
787 1.1705 s UNSATISFIABLE
788 0 s UNSATISFIABLE
789 0 s UNSATISFIABLE
790 0 s UNSATISFIABLE
791 1.36337 s UNSATISFIABLE
792 1.25046 s UNSATISFIABLE
793 1.40084 s UNSATISFIABLE
794 1.37371 s UNSATISFIABLE
795 1.43945 s UNSATISFIABLE
796 1.26475 s UNSATISFIABLE
797 0.945738 s UNSATISFIABLE
798 2.14824 s UNSATISFIABLE
799 1.00257 s UNSATISFIABLE
800 1.33462 s UNSATISFIABLE
801 1.36398 s UNSATISFIABLE
802 1.40826 s UNSATISFIABLE
803 1.11277 s UNSATISFIABLE
804 0.66593 s UNSATISFIABLE
805 3.12956 s UNSATISFIABLE
806 1.27208 s UNSATISFIABLE
807 1.16552 s UNSATISFIABLE
808 1.13243 s UNSATISFIABLE
809 1.20156 s UNSATISFIABLE
810 1.5054 s UNSATISFIABLE
811 1.13293 s UNSATISFIABLE
812 1.23454 s UNSATISFIABLE
813 0.928624 s UNSATISFIABLE
814 1.28051 s UNSATISFIABLE
815 1.14762 s UNSATISFIABLE
816 1.28514 s UNSATISFIABLE
817 0.861573 s UNSATISFIABLE
818 1.37977 s UNSATISFIABLE
819 1.37377 s UNSATISFIABLE
820 1.36245 s UNSATISFIABLE
821 0 s UNSATISFIABLE
822 0.000898 s UNSATISFIABLE
823 1.08458 s UNSATISFIABLE
824 0.001131 s UNSATISFIABLE
825 0.000818 s UNSATISFIABLE
826 0.962844 s UNSATISFIABLE
827 0.955345 s UNSATISFIABLE
828 0.002341 s UNSATISFIABLE
829 0 s UNSATISFIABLE
830 0.001532 s UNSATISFIABLE
831 1.04777 s UNSATISFIABLE
832 1.12931 s UNSATISFIABLE
833 1.40608 s UNSATISFIABLE
834 1.12367 s UNSATISFIABLE
835 1.19493 s UNSATISFIABLE
836 1.2256 s UNSATISFIABLE
837 1.22912 s UNSATISFIABLE
838 1.19451 s UNSATISFIABLE
839 1.13155 s UNSATISFIABLE
840 0.629224 s UNSATISFIABLE
841 1.29116 s UNSATISFIABLE
842 1.07881 s UNSATISFIABLE
843 1.38341 s UNSATISFIABLE
844 1.15232 s UNSATISFIABLE
845 1.25433 s UNSATISFIABLE
846 1.23494 s UNSATISFIABLE
847 1.31122 s UNSATISFIABLE
848 1.35617 s UNSATISFIABLE
849 0.000801 s UNSATISFIABLE
850 0 s UNSATISFIABLE
851 0 s UNSATISFIABLE
852 1.02504 s UNSATISFIABLE
853 0 s UNSATISFIABLE
854 0 s UNSATISFIABLE
855 0 s UNSATISFIABLE
856 0 s UNSATISFIABLE
857 0.001763 s UNSATISFIABLE
858 0.000601 s UNSATISFIABLE
859 0 s UNSATISFIABLE
860 0 s UNSATISFIABLE
861 0.000855 s UNSATISFIABLE
862 0 s UNSATISFIABLE
863 0 s UNSATISFIABLE
864 0.000573 s UNSATISFIABLE
865 0 s UNSATISFIABLE
866 0 s UNSATISFIABLE
867 0.000718 s UNSATISFIABLE
868 0 s UNSATISFIABLE
869 0.000783 s UNSATISFIABLE
870 0 s UNSATISFIABLE
871 0 s UNSATISFIABLE
872 0 s UNSATISFIABLE
873 1.11594 s UNSATISFIABLE
874 5.8e-05 s UNSATISFIABLE
875 0.000764 s UNSATISFIABLE
876 0 s UNSATISFIABLE
877 0 s UNSATISFIABLE
878 0.001601 s UNSATISFIABLE
879 0.001474 s UNSATISFIABLE
880 0.002198 s UNSATISFIABLE
881 0.001572 s UNSATISFIABLE
882 4.8e-05 s UNSATISFIABLE
883 0.00094 s UNSATISFIABLE
884 0.000683 s UNSATISFIABLE
885 0.000641 s UNSATISFIABLE
886 0 s UNSATISFIABLE
887 0.000739 s UNSATISFIABLE
888 0.002236 s UNSATISFIABLE
889 0.002605 s UNSATISFIABLE
890 0 s UNSATISFIABLE
891 0 s UNSATISFIABLE
892 0 s UNSATISFIABLE
893 0 s UNSATISFIABLE
894 0.001257 s UNSATISFIABLE
895 0 s UNSATISFIABLE
896 0 s UNSATISFIABLE
897 0.000915 s UNSATISFIABLE
898 0 s UNSATISFIABLE
899 0 s UNSATISFIABLE
900 0.000551 s UNSATISFIABLE
901 0 s UNSATISFIABLE
902 0 s UNSATISFIABLE
903 0.000617 s UNSATISFIABLE
904 0 s UNSATISFIABLE
905 0 s UNSATISFIABLE
906 0.00092 s UNSATISFIABLE
907 0.946539 s UNSATISFIABLE
908 0 s UNSATISFIABLE
909 0 s UNSATISFIABLE
910 0 s UNSATISFIABLE
911 0 s UNSATISFIABLE
912 0 s UNSATISFIABLE
913 0 s UNSATISFIABLE
914 0 s UNSATISFIABLE
915 0 s UNSATISFIABLE
916 0 s UNSATISFIABLE
917 0.000512 s UNSATISFIABLE
918 0.00133 s UNSATISFIABLE
919 0 s UNSATISFIABLE
920 0.000769 s UNSATISFIABLE
921 0 s UNSATISFIABLE
922 0.001571 s UNSATISFIABLE
923 0 s UNSATISFIABLE
924 0.002207 s UNSATISFIABLE
925 0.000671 s UNSATISFIABLE
926 0 s UNSATISFIABLE
927 0 s UNSATISFIABLE
928 0.001433 s UNSATISFIABLE
929 0.001362 s UNSATISFIABLE
930 0 s UNSATISFIABLE
931 0 s UNSATISFIABLE
932 0.001366 s UNSATISFIABLE
933 0 s UNSATISFIABLE
934 0 s UNSATISFIABLE
935 0.001274 s UNSATISFIABLE
936 0 s UNSATISFIABLE
937 0 s UNSATISFIABLE
938 0 s UNSATISFIABLE
939 0 s UNSATISFIABLE
940 0 s UNSATISFIABLE
941 0 s UNSATISFIABLE
942 0.001456 s UNSATISFIABLE
943 0 s UNSATISFIABLE
944 0.0013 s UNSATISFIABLE
945 0 s UNSATISFIABLE
946 0 s UNSATISFIABLE
947 0.000531 s UNSATISFIABLE
948 0 s UNSATISFIABLE
949 0.000877 s UNSATISFIABLE
950 0 s UNSATISFIABLE
951 0 s UNSATISFIABLE
952 0.001491 s UNSATISFIABLE
953 0.001319 s UNSATISFIABLE
954 0 s UNSATISFIABLE
955 0.000928 s UNSATISFIABLE
956 0.001613 s UNSATISFIABLE
957 0.001006 s UNSATISFIABLE
958 0 s UNSATISFIABLE
959 0 s UNSATISFIABLE
960 0 s UNSATISFIABLE
961 0 s UNSATISFIABLE
962 0.001159 s UNSATISFIABLE
963 0 s UNSATISFIABLE
964 0.001033 s UNSATISFIABLE
965 0.770679 s UNSATISFIABLE
966 0.877157 s UNSATISFIABLE
967 0.000779 s UNSATISFIABLE
968 0 s UNSATISFIABLE
969 0 s UNSATISFIABLE
970 0.00088 s UNSATISFIABLE
971 0 s UNSATISFIABLE
972 0.757204 s UNSATISFIABLE
973 1.16111 s UNSATISFIABLE
974 1.04067 s UNSATISFIABLE
975 0 s UNSATISFIABLE
976 0.000946 s UNSATISFIABLE
977 0.001768 s UNSATISFIABLE
978 1.0117 s UNSATISFIABLE
979 1.00821 s UNSATISFIABLE
980 1.09041 s UNSATISFIABLE
981 0.999557 s UNSATISFIABLE
982 0.001328 s UNSATISFIABLE
983 1.40043 s UNSATISFIABLE
984 0.988692 s UNSATISFIABLE
985 0.002011 s UNSATISFIABLE
986 0.895759 s UNSATISFIABLE
987 1.17293 s UNSATISFIABLE
988 0 s UNSATISFIABLE
989 1.00816 s UNSATISFIABLE
990 0.728238 s UNSATISFIABLE
991 1.08024 s UNSATISFIABLE
992 0 s UNSATISFIABLE
993 0.001621 s UNSATISFIABLE
994 0.932337 s UNSATISFIABLE
995 0 s UNSATISFIABLE
996 0 s UNSATISFIABLE
997 0 s UNSATISFIABLE
998 0.800686 s UNSATISFIABLE
999 5.2e-05 s UNSATISFIABLE
1000 0.710314 s UNSATISFIABLE
1001 0.838272 s UNSATISFIABLE
1002 1.27298 s UNSATISFIABLE
1003 1.05923 s UNSATISFIABLE
1004 0.001487 s UNSATISFIABLE
1005 0 s UNSATISFIABLE
1006 1.35631 s UNSATISFIABLE
1007 0.864976 s UNSATISFIABLE
1008 1.06291 s UNSATISFIABLE
1009 0.890314 s UNSATISFIABLE
1010 0.936493 s UNSATISFIABLE
1011 1.13001 s UNSATISFIABLE
1012 0.000911 s UNSATISFIABLE
1013 0.820774 s UNSATISFIABLE
1014 0.607755 s UNSATISFIABLE
1015 0 s UNSATISFIABLE
1016 5.1e-05 s UNSATISFIABLE
1017 0.95094 s UNSATISFIABLE
1018 0 s UNSATISFIABLE
1019 0 s UNSATISFIABLE
1020 0.000819 s UNSATISFIABLE
1021 0 s UNSATISFIABLE
1022 0.001152 s UNSATISFIABLE
1023 0 s UNSATISFIABLE
1024 0 s UNSATISFIABLE
1025 0 s UNSATISFIABLE
1026 0 s UNSATISFIABLE
1027 0 s UNSATISFIABLE
1028 0 s UNSATISFIABLE
1029 0 s UNSATISFIABLE
1030 0 s UNSATISFIABLE
1031 0 s UNSATISFIABLE
1032 0 s UNSATISFIABLE
1033 0.001814 s UNSATISFIABLE
1034 0.870665 s UNSATISFIABLE
1035 1.12056 s UNSATISFIABLE
1036 1.29603 s UNSATISFIABLE
1037 0.001423 s UNSATISFIABLE
1038 1.38697 s UNSATISFIABLE
1039 0 s UNSATISFIABLE
1040 0.90881 s UNSATISFIABLE
1041 0.898998 s UNSATISFIABLE
1042 0.805137 s UNSATISFIABLE
1043 1.25381 s UNSATISFIABLE
1044 0.886472 s UNSATISFIABLE
1045 1.00656 s UNSATISFIABLE
1046 0.966294 s UNSATISFIABLE
1047 1.0271 s UNSATISFIABLE
1048 0.000858 s UNSATISFIABLE
1049 0 s UNSATISFIABLE
1050 0 s UNSATISFIABLE
1051 0.897184 s UNSATISFIABLE
1052 0 s UNSATISFIABLE
1053 1.27556 s UNSATISFIABLE
1054 0 s UNSATISFIABLE
1055 1.241 s UNSATISFIABLE
1056 1.08782 s UNSATISFIABLE
1057 0.890282 s UNSATISFIABLE
1058 0.902766 s UNSATISFIABLE
1059 1.01132 s UNSATISFIABLE
1060 0.00087 s UNSATISFIABLE
1061 0.967483 s UNSATISFIABLE
1062 1.08489 s UNSATISFIABLE
1063 1.03764 s UNSATISFIABLE
1064 1.04085 s UNSATISFIABLE
1065 0.921117 s UNSATISFIABLE
1066 0.961016 s UNSATISFIABLE
1067 0.868123 s UNSATISFIABLE
1068 1.27836 s UNSATISFIABLE
1069 1.02389 s UNSATISFIABLE
1070 0.001926 s UNSATISFIABLE
1071 0.001485 s UNSATISFIABLE
1072 0.002734 s UNSATISFIABLE
1073 0.000849 s UNSATISFIABLE
1074 1.1576 s UNSATISFIABLE
1075 0.972443 s UNSATISFIABLE
1076 0 s UNSATISFIABLE
1077 0.963549 s UNSATISFIABLE
1078 0 s UNSATISFIABLE
1079 0.786857 s UNSATISFIABLE
1080 0 s UNSATISFIABLE
1081 0.001405 s UNSATISFIABLE
1082 0 s UNSATISFIABLE
1083 0.0019 s UNSATISFIABLE
1084 0 s UNSATISFIABLE
1085 0 s UNSATISFIABLE
1086 0 s UNSATISFIABLE
1087 0.000915 s UNSATISFIABLE
1088 0 s UNSATISFIABLE
1089 0.881476 s UNSATISFIABLE
1090 0.755445 s UNSATISFIABLE
1091 0 s UNSATISFIABLE
1092 1.06596 s UNSATISFIABLE
1093 0 s UNSATISFIABLE
1094 0 s UNSATISFIABLE
1095 0 s UNSATISFIABLE
1096 0.001266 s UNSATISFIABLE
1097 0.00242 s UNSATISFIABLE
1098 0.001292 s UNSATISFIABLE
1099 0.000684 s UNSATISFIABLE
1100 0 s UNSATISFIABLE
1101 0 s UNSATISFIABLE
1102 0 s UNSATISFIABLE
1103 0.916617 s UNSATISFIABLE
1104 0.993489 s UNSATISFIABLE
1105 0.974151 s UNSATISFIABLE
1106 0.002015 s UNSATISFIABLE
1107 1.11106 s UNSATISFIABLE
1108 1.13739 s UNSATISFIABLE
1109 1.33655 s UNSATISFIABLE
1110 0.792018 s UNSATISFIABLE
1111 1.15001 s UNSATISFIABLE
1112 1.42459 s UNSATISFIABLE
1113 1.31655 s UNSATISFIABLE
1114 0 s UNSATISFIABLE
1115 0 s UNSATISFIABLE
1116 0.00192 s UNSATISFIABLE
1117 0.001009 s UNSATISFIABLE
1118 0 s UNSATISFIABLE
1119 0 s UNSATISFIABLE
1120 1.16633 s UNSATISFIABLE
1121 0.805843 s UNSATISFIABLE
1122 1.14561 s UNSATISFIABLE
1123 0.002 s UNSATISFIABLE
1124 0 s UNSATISFIABLE
1125 0.90415 s UNSATISFIABLE
1126 1.05544 s UNSATISFIABLE
1127 1.30931 s UNSATISFIABLE
1128 1.09049 s UNSATISFIABLE
1129 0.961627 s UNSATISFIABLE
1130 1.10443 s UNSATISFIABLE
1131 1.22192 s UNSATISFIABLE
1132 0.811315 s UNSATISFIABLE
1133 1.09533 s UNSATISFIABLE
1134 1.02904 s UNSATISFIABLE
1135 1.25805 s UNSATISFIABLE
1136 0.710176 s UNSATISFIABLE
1137 1.12791 s UNSATISFIABLE
1138 1.34263 s UNSATISFIABLE
1139 1.21171 s UNSATISFIABLE
1140 0.91668 s UNSATISFIABLE
1141 1.28117 s UNSATISFIABLE
1142 0.838903 s UNSATISFIABLE
1143 0 s UNSATISFIABLE
1144 1.26749 s UNSATISFIABLE
1145 1.34359 s UNSATISFIABLE
1146 0.727898 s UNSATISFIABLE
1147 0 s UNSATISFIABLE
1148 0.953718 s UNSATISFIABLE
1149 0 s UNSATISFIABLE
1150 0 s UNSATISFIABLE
1151 0.880116 s UNSATISFIABLE
1152 0.001336 s UNSATISFIABLE
1153 0 s UNSATISFIABLE
1154 0.002515 s UNSATISFIABLE
1155 0 s UNSATISFIABLE
1156 0 s UNSATISFIABLE
1157 0 s UNSATISFIABLE
1158 0.523247 s UNSATISFIABLE
1159 0 s UNSATISFIABLE
1160 0 s UNSATISFIABLE
1161 0 s UNSATISFIABLE
1162 0.89936 s UNSATISFIABLE
1163 0 s UNSATISFIABLE
1164 0 s UNSATISFIABLE
1165 0.664815 s UNSATISFIABLE
1166 0.976242 s UNSATISFIABLE
1167 0.00274 s UNSATISFIABLE
1168 0 s UNSATISFIABLE
1169 0.800275 s UNSATISFIABLE
1170 1.12936 s UNSATISFIABLE
1171 0 s UNSATISFIABLE
1172 1.1078 s UNSATISFIABLE
1173 0 s UNSATISFIABLE
1174 0.912906 s UNSATISFIABLE
1175 0.846573 s UNSATISFIABLE
1176 0 s UNSATISFIABLE
1177 1.06211 s UNSATISFIABLE
1178 0.820766 s UNSATISFIABLE
1179 1.05797 s UNSATISFIABLE
1180 0.98921 s UNSATISFIABLE
1181 1.25782 s UNSATISFIABLE
1182 0.887471 s UNSATISFIABLE
1183 0.850175 s UNSATISFIABLE
1184 0.958874 s UNSATISFIABLE
1185 0.001433 s UNSATISFIABLE
1186 0.731216 s UNSATISFIABLE
1187 0 s UNSATISFIABLE
1188 0.800661 s UNSATISFIABLE
1189 1.07432 s UNSATISFIABLE
1190 1.07962 s UNSATISFIABLE
1191 1.22492 s UNSATISFIABLE
1192 0.851813 s UNSATISFIABLE
1193 1.07875 s UNSATISFIABLE
1194 0.857352 s UNSATISFIABLE
1195 0 s UNSATISFIABLE
1196 1.24142 s UNSATISFIABLE
1197 0.001928 s UNSATISFIABLE
1198 0 s UNSATISFIABLE
1199 0.001214 s UNSATISFIABLE
1200 1.13523 s UNSATISFIABLE
1201 1.15123 s UNSATISFIABLE
1202 0.001188 s UNSATISFIABLE
1203 2.45029 s UNSATISFIABLE
1204 1.23551 s UNSATISFIABLE
1205 0.789297 s UNSATISFIABLE
1206 1.01204 s UNSATISFIABLE
1207 1.25754 s UNSATISFIABLE
1208 0.001169 s UNSATISFIABLE
1209 0 s UNSATISFIABLE
1210 0.000559 s UNSATISFIABLE
1211 0 s UNSATISFIABLE
1212 0.9063 s UNSATISFIABLE
1213 0 s UNSATISFIABLE
1214 0.425247 s UNSATISFIABLE
1215 0.383799 s UNSATISFIABLE
1216 0.988832 s UNSATISFIABLE
1217 0 s UNSATISFIABLE
1218 0.973594 s UNSATISFIABLE
1219 1.29617 s UNSATISFIABLE
1220 0 s UNSATISFIABLE
1221 0.96436 s UNSATISFIABLE
1222 1.22552 s UNSATISFIABLE
1223 1.13238 s UNSATISFIABLE
1224 0 s UNSATISFIABLE
1225 1.06336 s UNSATISFIABLE
1226 1.23763 s UNSATISFIABLE
1227 0.001597 s UNSATISFIABLE
1228 1.0343 s UNSATISFIABLE
1229 1.12307 s UNSATISFIABLE
1230 0.001386 s UNSATISFIABLE
1231 0 s UNSATISFIABLE
1232 0 s UNSATISFIABLE
1233 0 s UNSATISFIABLE
1234 0.001068 s UNSATISFIABLE
1235 1.28002 s UNSATISFIABLE
1236 0 s UNSATISFIABLE
1237 1.76828 s UNSATISFIABLE
1238 1.39974 s UNSATISFIABLE
1239 1.05849 s UNSATISFIABLE
1240 0.00137 s UNSATISFIABLE
1241 1.05644 s UNSATISFIABLE
1242 1.30583 s UNSATISFIABLE
1243 1.08009 s UNSATISFIABLE
1244 0 s UNSATISFIABLE
1245 1.04971 s UNSATISFIABLE
1246 1.15096 s UNSATISFIABLE
1247 1.08632 s UNSATISFIABLE
1248 1.06308 s UNSATISFIABLE
1249 0.000932 s UNSATISFIABLE
1250 0.790354 s UNSATISFIABLE
1251 1.0223 s UNSATISFIABLE
1252 0.616749 s UNSATISFIABLE
1253 0.758554 s UNSATISFIABLE
1254 1.03105 s UNSATISFIABLE
1255 1.13069 s UNSATISFIABLE
1256 1.29238 s UNSATISFIABLE
1257 0 s UNSATISFIABLE
1258 0.87578 s UNSATISFIABLE
1259 0.947691 s UNSATISFIABLE
1260 3244.97 s UNSATISFIABLE
1261 0.791561 s UNSATISFIABLE
1262 2.08484 s UNSATISFIABLE
1263 1.05581 s UNSATISFIABLE
1264 1.25286 s UNSATISFIABLE
1265 1.21693 s UNSATISFIABLE
1266 1.12139 s UNSATISFIABLE
1267 0.00127 s UNSATISFIABLE
1268 1.1877 s UNSATISFIABLE
1269 0 s UNSATISFIABLE
1270 0.859321 s UNSATISFIABLE
1271 0.894382 s UNSATISFIABLE
1272 0.002708 s UNSATISFIABLE
1273 1.43297 s UNSATISFIABLE
1274 1.04616 s UNSATISFIABLE
1275 0 s UNSATISFIABLE
1276 0.001595 s UNSATISFIABLE
1277 0.001696 s UNSATISFIABLE
1278 0 s UNSATISFIABLE
1279 0 s UNSATISFIABLE
1280 1.03096 s UNSATISFIABLE
1281 1.01156 s UNSATISFIABLE
1282 1.35387 s UNSATISFIABLE
1283 0 s UNSATISFIABLE
1284 0 s UNSATISFIABLE
1285 0 s UNSATISFIABLE
1286 0.869286 s UNSATISFIABLE
1287 0 s UNSATISFIABLE
1288 1.29951 s UNSATISFIABLE
1289 1.04252 s UNSATISFIABLE
1290 0.805413 s UNSATISFIABLE
1291 1.1269 s UNSATISFIABLE
1292 0 s UNSATISFIABLE
1293 0.001305 s UNSATISFIABLE
1294 0.924808 s UNSATISFIABLE
1295 0.533669 s UNSATISFIABLE
1296 0 s UNSATISFIABLE
1297 0.6344 s UNSATISFIABLE
1298 0.94679 s UNSATISFIABLE
1299 0.931854 s UNSATISFIABLE
1300 0.826979 s UNSATISFIABLE
1301 0.001328 s UNSATISFIABLE
1302 0.876679 s UNSATISFIABLE
1303 0.946478 s UNSATISFIABLE
1304 0 s UNSATISFIABLE
1305 0 s UNSATISFIABLE
1306 0.919875 s UNSATISFIABLE
1307 0 s UNSATISFIABLE
1308 0 s UNSATISFIABLE
1309 0.938753 s UNSATISFIABLE
1310 0.961501 s UNSATISFIABLE
1311 1.01758 s UNSATISFIABLE
1312 0 s UNSATISFIABLE
1313 1.05726 s UNSATISFIABLE
1314 0.000879 s UNSATISFIABLE
1315 0 s UNSATISFIABLE
1316 1.16591 s UNSATISFIABLE
1317 0 s UNSATISFIABLE
1318 0.854875 s UNSATISFIABLE
1319 0.001628 s UNSATISFIABLE
1320 1.01278 s UNSATISFIABLE
1321 1.01777 s UNSATISFIABLE
1322 0 s UNSATISFIABLE
1323 1.01276 s UNSATISFIABLE
1324 0 s UNSATISFIABLE
1325 0.961077 s UNSATISFIABLE
1326 0.001704 s UNSATISFIABLE
1327 0 s UNSATISFIABLE
1328 0 s UNSATISFIABLE
1329 0.001004 s UNSATISFIABLE
1330 0.753086 s UNSATISFIABLE
1331 1.13676 s UNSATISFIABLE
1332 1.31891 s UNSATISFIABLE
1333 0.919369 s UNSATISFIABLE
1334 0 s UNSATISFIABLE
1335 1.02439 s UNSATISFIABLE
1336 0.951022 s UNSATISFIABLE
1337 0.927853 s UNSATISFIABLE
1338 0.939605 s UNSATISFIABLE
1339 0 s UNSATISFIABLE
1340 1.01695 s UNSATISFIABLE
1341 0.933353 s UNSATISFIABLE
1342 0 s UNSATISFIABLE
1343 0.977703 s UNSATISFIABLE
1344 0.001102 s UNSATISFIABLE
1345 0.002397 s UNSATISFIABLE
1346 0.999449 s UNSATISFIABLE
1347 1.03109 s UNSATISFIABLE
1348 1.23055 s UNSATISFIABLE
1349 0 s UNSATISFIABLE
1350 0 s UNSATISFIABLE
1351 1.04105 s UNSATISFIABLE
1352 0 s UNSATISFIABLE
1353 0.774642 s UNSATISFIABLE
1354 1.26029 s UNSATISFIABLE
1355 0.00068 s UNSATISFIABLE
1356 0.802407 s UNSATISFIABLE
1357 0 s UNSATISFIABLE
1358 1.33979 s UNSATISFIABLE
1359 0 s UNSATISFIABLE
1360 1.09136 s UNSATISFIABLE
1361 0 s UNSATISFIABLE
1362 0.802162 s UNSATISFIABLE
1363 0 s UNSATISFIABLE
1364 0.000973 s UNSATISFIABLE
1365 0 s UNSATISFIABLE
1366 0 s UNSATISFIABLE
1367 1.0903 s UNSATISFIABLE
1368 1.38381 s UNSATISFIABLE
1369 1.20504 s UNSATISFIABLE
1370 1.07396 s UNSATISFIABLE
1371 1.12144 s UNSATISFIABLE
1372 0 s UNSATISFIABLE
1373 0.608066 s UNSATISFIABLE
1374 0.001338 s UNSATISFIABLE
1375 0 s UNSATISFIABLE
1376 0.001029 s UNSATISFIABLE
1377 0.000625 s UNSATISFIABLE
1378 0.000876 s UNSATISFIABLE
1379 0 s UNSATISFIABLE
1380 1.08779 s UNSATISFIABLE
1381 0.981077 s UNSATISFIABLE
1382 0 s UNSATISFIABLE
1383 0.002115 s UNSATISFIABLE
1384 0.001811 s UNSATISFIABLE
1385 0.000636 s UNSATISFIABLE
1386 1.23177 s UNSATISFIABLE
1387 0.001414 s UNSATISFIABLE
1388 0 s UNSATISFIABLE
1389 0 s UNSATISFIABLE
1390 0.001762 s UNSATISFIABLE
1391 0.000833 s UNSATISFIABLE
1392 0.000706 s UNSATISFIABLE
1393 0 s UNSATISFIABLE
1394 0 s UNSATISFIABLE
1395 0.860926 s UNSATISFIABLE
1396 1.16668 s UNSATISFIABLE
1397 0.00121 s UNSATISFIABLE
1398 0.761136 s UNSATISFIABLE
1399 1.26285 s UNSATISFIABLE
1400 0 s UNSATISFIABLE
1401 0 s UNSATISFIABLE
1402 1.26708 s UNSATISFIABLE
1403 0 s UNSATISFIABLE
1404 1.08737 s UNSATISFIABLE
1405 0.000676 s UNSATISFIABLE
1406 0.987524 s UNSATISFIABLE
1407 0 s UNSATISFIABLE
1408 0 s UNSATISFIABLE
1409 0 s UNSATISFIABLE
1410 0 s UNSATISFIABLE
1411 0 s UNSATISFIABLE
1412 0.001778 s UNSATISFIABLE
1413 0 s UNSATISFIABLE
1414 0 s UNSATISFIABLE
1415 0.00204 s UNSATISFIABLE
1416 0.000718 s UNSATISFIABLE
1417 0 s UNSATISFIABLE
1418 0.000515 s UNSATISFIABLE
1419 0 s UNSATISFIABLE
1420 0.814316 s UNSATISFIABLE
1421 0.864264 s UNSATISFIABLE
1422 1.33832 s UNSATISFIABLE
1423 0.921941 s UNSATISFIABLE
1424 1.21649 s UNSATISFIABLE
1425 0.96912 s UNSATISFIABLE
1426 1.34163 s UNSATISFIABLE
1427 0.947656 s UNSATISFIABLE
1428 1.26314 s UNSATISFIABLE
1429 1.10465 s UNSATISFIABLE
1430 0.751323 s UNSATISFIABLE
1431 0 s UNSATISFIABLE
1432 0 s UNSATISFIABLE
1433 0 s UNSATISFIABLE
1434 0 s UNSATISFIABLE
1435 0.001334 s UNSATISFIABLE
1436 0.001607 s UNSATISFIABLE
1437 0 s UNSATISFIABLE
1438 0 s UNSATISFIABLE
1439 0.001266 s UNSATISFIABLE
1440 0 s UNSATISFIABLE
1441 0 s UNSATISFIABLE
1442 0.000707 s UNSATISFIABLE
1443 0 s UNSATISFIABLE
1444 0 s UNSATISFIABLE
1445 0 s UNSATISFIABLE
1446 0.001654 s UNSATISFIABLE
1447 0 s UNSATISFIABLE
1448 0 s UNSATISFIABLE
1449 0 s UNSATISFIABLE
1450 0 s UNSATISFIABLE
1451 0.000913 s UNSATISFIABLE
1452 4.2e-05 s UNSATISFIABLE
1453 0 s UNSATISFIABLE
1454 0 s UNSATISFIABLE
1455 0 s UNSATISFIABLE
1456 0.001339 s UNSATISFIABLE
1457 0 s UNSATISFIABLE
1458 0.001417 s UNSATISFIABLE
1459 0.859974 s UNSATISFIABLE
1460 0 s UNSATISFIABLE
1461 0.76261 s UNSATISFIABLE
1462 1.38141 s UNSATISFIABLE
1463 0.748561 s UNSATISFIABLE
1464 1.48637 s UNSATISFIABLE
1465 0.983931 s UNSATISFIABLE
1466 1.17468 s UNSATISFIABLE
1467 0.871476 s UNSATISFIABLE
1468 1.00938 s UNSATISFIABLE
1469 0 s UNSATISFIABLE
1470 0.001504 s UNSATISFIABLE
1471 0 s UNSATISFIABLE
1472 0.000669 s UNSATISFIABLE
1473 1.11971 s UNSATISFIABLE
1474 0.001909 s UNSATISFIABLE
1475 0.67106 s UNSATISFIABLE
1476 0.941498 s UNSATISFIABLE
1477 0 s UNSATISFIABLE
1478 1.1125 s UNSATISFIABLE
1479 0.001903 s UNSATISFIABLE
1480 0.000622 s UNSATISFIABLE
1481 0.001911 s UNSATISFIABLE
1482 0.001512 s UNSATISFIABLE
1483 0.72603 s UNSATISFIABLE
1484 0.667664 s UNSATISFIABLE
1485 0 s UNSATISFIABLE
1486 0 s UNSATISFIABLE
1487 0 s UNSATISFIABLE
1488 0.934798 s UNSATISFIABLE
1489 0.002056 s UNSATISFIABLE
1490 0.000717 s UNSATISFIABLE
1491 0 s UNSATISFIABLE
1492 0.905531 s UNSATISFIABLE
1493 0 s UNSATISFIABLE
1494 0.827531 s UNSATISFIABLE
1495 0.768615 s UNSATISFIABLE
1496 0 s UNSATISFIABLE
1497 0.001313 s UNSATISFIABLE
1498 0 s UNSATISFIABLE
1499 0 s UNSATISFIABLE
1500 0.000682 s UNSATISFIABLE
1501 0 s UNSATISFIABLE
1502 0.000993 s UNSATISFIABLE
1503 0.868737 s UNSATISFIABLE
1504 0 s UNSATISFIABLE
1505 0.000692 s UNSATISFIABLE
1506 0 s UNSATISFIABLE
1507 0.000654 s UNSATISFIABLE
1508 1.74934 s UNSATISFIABLE
1509 0 s UNSATISFIABLE
1510 1.7787 s UNSATISFIABLE
1511 0 s UNSATISFIABLE
1512 1.10111 s UNSATISFIABLE
1513 1.31295 s UNSATISFIABLE
1514 1.08257 s UNSATISFIABLE
1515 0.732724 s UNSATISFIABLE
1516 0.590903 s UNSATISFIABLE
1517 1.44018 s UNSATISFIABLE
1518 0.839998 s UNSATISFIABLE
1519 1.51406 s UNSATISFIABLE
1520 0.913058 s UNSATISFIABLE
1521 1.17584 s UNSATISFIABLE
1522 0.601438 s UNSATISFIABLE
1523 0 s UNSATISFIABLE
1524 0.000569 s UNSATISFIABLE
1525 0 s UNSATISFIABLE
1526 0 s UNSATISFIABLE
1527 0 s UNSATISFIABLE
1528 0 s UNSATISFIABLE
1529 0.001006 s UNSATISFIABLE
1530 0 s UNSATISFIABLE
1531 0 s UNSATISFIABLE
1532 0 s UNSATISFIABLE
1533 0 s UNSATISFIABLE
1534 1.14526 s UNSATISFIABLE
1535 1.26109 s UNSATISFIABLE
1536 0 s UNSATISFIABLE
1537 0.001916 s UNSATISFIABLE
1538 1.20892 s UNSATISFIABLE
1539 0 s UNSATISFIABLE
1540 0 s UNSATISFIABLE
1541 1.40864 s UNSATISFIABLE
1542 1.25188 s UNSATISFIABLE
1543 0 s UNSATISFIABLE
1544 0.708059 s UNSATISFIABLE
1545 0 s UNSATISFIABLE
1546 0 s UNSATISFIABLE
1547 0.782752 s UNSATISFIABLE
1548 0.001169 s UNSATISFIABLE
1549 0.000708 s UNSATISFIABLE
1550 0.001804 s UNSATISFIABLE
1551 0.002052 s UNSATISFIABLE
1552 0 s UNSATISFIABLE
1553 1.57498 s UNSATISFIABLE
1554 0.001183 s UNSATISFIABLE
1555 0 s UNSATISFIABLE
1556 0 s UNSATISFIABLE
1557 0 s UNSATISFIABLE
1558 0 s UNSATISFIABLE
1559 0.001322 s UNSATISFIABLE
1560 0.000931 s UNSATISFIABLE
1561 0.540274 s UNSATISFIABLE
1562 0.000974 s UNSATISFIABLE
1563 0 s UNSATISFIABLE
1564 0 s UNSATISFIABLE
1565 1.16204 s UNSATISFIABLE
1566 0.75226 s UNSATISFIABLE
1567 0 s UNSATISFIABLE
1568 0 s UNSATISFIABLE
1569 0 s UNSATISFIABLE
1570 0 s UNSATISFIABLE
1571 0.001795 s UNSATISFIABLE
1572 1.06363 s UNSATISFIABLE
1573 0.000604 s UNSATISFIABLE
1574 0.001245 s UNSATISFIABLE
1575 0.000963 s UNSATISFIABLE
1576 0.000682 s UNSATISFIABLE
1577 0.001219 s UNSATISFIABLE
1578 0.000546 s UNSATISFIABLE
1579 0.001773 s UNSATISFIABLE
1580 0.001276 s UNSATISFIABLE
1581 0.000579 s UNSATISFIABLE
1582 0 s UNSATISFIABLE
1583 0.001427 s UNSATISFIABLE
1584 0 s UNSATISFIABLE
1585 1.2447 s UNSATISFIABLE
1586 1.04587 s UNSATISFIABLE
1587 0.000968 s UNSATISFIABLE
1588 0.000509 s UNSATISFIABLE
1589 0.909113 s UNSATISFIABLE
1590 0.000923 s UNSATISFIABLE
1591 0.000903 s UNSATISFIABLE
1592 0.001885 s UNSATISFIABLE
1593 1.0107 s UNSATISFIABLE
1594 0.000642 s UNSATISFIABLE
1595 0 s UNSATISFIABLE
1596 0.001435 s UNSATISFIABLE
1597 0.001191 s UNSATISFIABLE
1598 0 s UNSATISFIABLE
1599 0.000508 s UNSATISFIABLE
1600 0.929372 s UNSATISFIABLE
1601 1.14673 s UNSATISFIABLE
1602 0 s UNSATISFIABLE
1603 0 s UNSATISFIABLE
1604 0 s UNSATISFIABLE
1605 0 s UNSATISFIABLE
1606 0 s UNSATISFIABLE
1607 0 s UNSATISFIABLE
1608 0 s UNSATISFIABLE
1609 0 s UNSATISFIABLE
1610 1.24903 s UNSATISFIABLE
1611 0 s UNSATISFIABLE
1612 0 s UNSATISFIABLE
1613 0 s UNSATISFIABLE
1614 0.963572 s UNSATISFIABLE
1615 0.784779 s UNSATISFIABLE
1616 0.001216 s UNSATISFIABLE
1617 0.72094 s UNSATISFIABLE
1618 1.17803 s UNSATISFIABLE
1619 0 s UNSATISFIABLE
1620 0 s UNSATISFIABLE
1621 0.79482 s UNSATISFIABLE
1622 0 s UNSATISFIABLE
1623 0.001367 s UNSATISFIABLE
1624 0.000945 s UNSATISFIABLE
1625 0.990842 s UNSATISFIABLE
1626 0 s UNSATISFIABLE
1627 0 s UNSATISFIABLE
1628 0.818418 s UNSATISFIABLE
1629 1.13856 s UNSATISFIABLE
1630 0.001124 s UNSATISFIABLE
1631 0.934469 s UNSATISFIABLE
1632 0.763702 s UNSATISFIABLE
1633 0.000587 s UNSATISFIABLE
1634 0.001301 s UNSATISFIABLE
1635 0 s UNSATISFIABLE
1636 1.19322 s UNSATISFIABLE
1637 0 s UNSATISFIABLE
1638 0.775165 s UNSATISFIABLE
1639 1.14135 s UNSATISFIABLE
1640 0.651945 s UNSATISFIABLE
1641 0.893892 s UNSATISFIABLE
1642 0 s UNSATISFIABLE
1643 0 s UNSATISFIABLE
1644 1.44823 s UNSATISFIABLE
1645 0 s UNSATISFIABLE
1646 0 s UNSATISFIABLE
1647 0.869535 s UNSATISFIABLE
1648 0 s UNSATISFIABLE
1649 0.714224 s UNSATISFIABLE
1650 1.00421 s UNSATISFIABLE
1651 0.96515 s UNSATISFIABLE
1652 0 s UNSATISFIABLE
1653 0 s UNSATISFIABLE
1654 0.99895 s UNSATISFIABLE
1655 5e-05 s UNSATISFIABLE
1656 0 s UNSATISFIABLE
1657 0 s UNSATISFIABLE
1658 0.950886 s UNSATISFIABLE
1659 0 s UNSATISFIABLE
1660 0 s UNSATISFIABLE
1661 0.981439 s UNSATISFIABLE
1662 0.000475 s UNSATISFIABLE
1663 0.001791 s UNSATISFIABLE
1664 0 s UNSATISFIABLE
1665 0.000905 s UNSATISFIABLE
1666 1.34912 s UNSATISFIABLE
1667 1.16623 s UNSATISFIABLE
1668 0.001381 s UNSATISFIABLE
1669 0 s UNSATISFIABLE
1670 0 s UNSATISFIABLE
1671 0.0016 s UNSATISFIABLE
1672 1.32439 s UNSATISFIABLE
1673 0 s UNSATISFIABLE
1674 0.002066 s UNSATISFIABLE
1675 0 s UNSATISFIABLE
1676 0.002112 s UNSATISFIABLE
1677 1.1062 s UNSATISFIABLE
1678 0.907396 s UNSATISFIABLE
1679 0 s UNSATISFIABLE
1680 0 s UNSATISFIABLE
1681 1.22325 s UNSATISFIABLE
1682 0 s UNSATISFIABLE
1683 1.14261 s UNSATISFIABLE
1684 0 s UNSATISFIABLE
1685 0 s UNSATISFIABLE
1686 0.000526 s UNSATISFIABLE
1687 1.01759 s UNSATISFIABLE
1688 0 s UNSATISFIABLE
1689 0.957078 s UNSATISFIABLE
1690 0.001366 s UNSATISFIABLE
1691 1.01485 s UNSATISFIABLE
1692 0.001714 s UNSATISFIABLE
1693 0 s UNSATISFIABLE
1694 0 s UNSATISFIABLE
1695 0 s UNSATISFIABLE
1696 0 s UNSATISFIABLE
1697 0 s UNSATISFIABLE
1698 0.999676 s UNSATISFIABLE
1699 0.45443 s UNSATISFIABLE
1700 0 s UNSATISFIABLE
1701 1.07966 s UNSATISFIABLE
1702 0 s UNSATISFIABLE
1703 0 s UNSATISFIABLE
1704 0.001138 s UNSATISFIABLE
1705 0 s UNSATISFIABLE
1706 0.000738 s UNSATISFIABLE
1707 0 s UNSATISFIABLE
1708 0 s UNSATISFIABLE
1709 0 s UNSATISFIABLE
1710 0 s UNSATISFIABLE
1711 0 s UNSATISFIABLE
1712 0 s UNSATISFIABLE
1713 0 s UNSATISFIABLE
1714 0 s UNSATISFIABLE
1715 0 s UNSATISFIABLE
1716 0 s UNSATISFIABLE
1717 0 s UNSATISFIABLE
1718 0 s UNSATISFIABLE
1719 0.001331 s UNSATISFIABLE
1720 0.777979 s UNSATISFIABLE
1721 0.866652 s UNSATISFIABLE
1722 0 s UNSATISFIABLE
1723 0.483155 s UNSATISFIABLE
1724 0 s UNSATISFIABLE
1725 2.12277 s UNSATISFIABLE
1726 0 s UNSATISFIABLE
1727 1.41239 s UNSATISFIABLE
1728 0.773318 s UNSATISFIABLE
1729 1.02757 s UNSATISFIABLE
1730 0 s UNSATISFIABLE
1731 1.29261 s UNSATISFIABLE
1732 0.935592 s UNSATISFIABLE
1733 0 s UNSATISFIABLE
1734 0.00063 s UNSATISFIABLE
1735 0.002246 s UNSATISFIABLE
1736 1.01723 s UNSATISFIABLE
1737 0 s UNSATISFIABLE
1738 0.960302 s UNSATISFIABLE
1739 1.35808 s UNSATISFIABLE
1740 0 s UNSATISFIABLE
1741 0 s UNSATISFIABLE
1742 0 s UNSATISFIABLE
1743 0.69956 s UNSATISFIABLE
1744 0.001992 s UNSATISFIABLE
1745 0 s UNSATISFIABLE
1746 0 s UNSATISFIABLE
1747 0 s UNSATISFIABLE
1748 0 s UNSATISFIABLE
1749 0.0007 s UNSATISFIABLE
1750 0 s UNSATISFIABLE
1751 0.001856 s UNSATISFIABLE
1752 0.001375 s UNSATISFIABLE
1753 0 s UNSATISFIABLE
1754 0.8743 s UNSATISFIABLE
1755 0.989538 s UNSATISFIABLE
1756 0 s UNSATISFIABLE
1757 0 s UNSATISFIABLE
1758 0 s UNSATISFIABLE
1759 0 s UNSATISFIABLE
1760 0 s UNSATISFIABLE
1761 0.913721 s UNSATISFIABLE
1762 0 s UNSATISFIABLE
1763 0.916925 s UNSATISFIABLE
1764 0.000651 s UNSATISFIABLE
1765 0 s UNSATISFIABLE
1766 0.000821 s UNSATISFIABLE
1767 0 s UNSATISFIABLE
1768 0.991383 s UNSATISFIABLE
1769 0 s UNSATISFIABLE
1770 1.02279 s UNSATISFIABLE
1771 0.001117 s UNSATISFIABLE
1772 0 s UNSATISFIABLE
1773 0.002325 s UNSATISFIABLE
1774 0.000506 s UNSATISFIABLE
1775 0.001032 s UNSATISFIABLE
1776 2.2632 s UNSATISFIABLE
1777 0.001736 s UNSATISFIABLE
1778 1.36696 s UNSATISFIABLE
1779 0.000534 s UNSATISFIABLE
1780 0 s UNSATISFIABLE
1781 0 s UNSATISFIABLE
1782 0 s UNSATISFIABLE
1783 0.001013 s UNSATISFIABLE
1784 0 s UNSATISFIABLE
1785 0 s UNSATISFIABLE
1786 0.857028 s UNSATISFIABLE
1787 1.97149 s UNSATISFIABLE
1788 0 s UNSATISFIABLE
1789 0 s UNSATISFIABLE
1790 0 s UNSATISFIABLE
1791 1.40976 s UNSATISFIABLE
1792 0 s UNSATISFIABLE
1793 0 s UNSATISFIABLE
1794 1.373 s UNSATISFIABLE
1795 1.1072 s UNSATISFIABLE
1796 1.13917 s UNSATISFIABLE
1797 0.928174 s UNSATISFIABLE
1798 1.22706 s UNSATISFIABLE
1799 1.10509 s UNSATISFIABLE
1800 1.27355 s UNSATISFIABLE
1801 0 s UNSATISFIABLE
1802 1.04119 s UNSATISFIABLE
1803 0 s UNSATISFIABLE
1804 0.00186 s UNSATISFIABLE
1805 0.00129 s UNSATISFIABLE
1806 0.001024 s UNSATISFIABLE
1807 0 s UNSATISFIABLE
1808 0 s UNSATISFIABLE
1809 0 s UNSATISFIABLE
1810 0 s UNSATISFIABLE
1811 0 s UNSATISFIABLE
1812 0 s UNSATISFIABLE
1813 0 s UNSATISFIABLE
1814 0.002695 s UNSATISFIABLE
1815 0 s UNSATISFIABLE
1816 0.001775 s UNSATISFIABLE
1817 0.001278 s UNSATISFIABLE
1818 0.001488 s UNSATISFIABLE
1819 0 s UNSATISFIABLE
1820 0.000903 s UNSATISFIABLE
1821 0 s UNSATISFIABLE
1822 0 s UNSATISFIABLE
1823 0 s UNSATISFIABLE
1824 0.966075 s UNSATISFIABLE
1825 0.823422 s UNSATISFIABLE
1826 0 s UNSATISFIABLE
1827 0.001133 s UNSATISFIABLE
1828 1.63463 s UNSATISFIABLE
1829 1.24753 s UNSATISFIABLE
1830 0.927456 s UNSATISFIABLE
1831 1.34134 s UNSATISFIABLE
1832 0.001811 s UNSATISFIABLE
1833 0 s UNSATISFIABLE
1834 1.29913 s UNSATISFIABLE
1835 0 s UNSATISFIABLE
1836 0.000683 s UNSATISFIABLE
1837 1.28865 s UNSATISFIABLE
1838 0.809773 s UNSATISFIABLE
1839 0.666468 s UNSATISFIABLE
1840 0.000653 s UNSATISFIABLE
1841 0 s UNSATISFIABLE
1842 0.868628 s UNSATISFIABLE
1843 1.11024 s UNSATISFIABLE
1844 0 s UNSATISFIABLE
1845 0.827867 s UNSATISFIABLE
1846 1.29706 s UNSATISFIABLE
1847 0.000511 s UNSATISFIABLE
1848 0 s UNSATISFIABLE
1849 0 s UNSATISFIABLE
1850 1.08813 s UNSATISFIABLE
1851 0.676586 s UNSATISFIABLE
1852 0 s UNSATISFIABLE
1853 0 s UNSATISFIABLE
1854 0.001223 s UNSATISFIABLE
1855 0 s UNSATISFIABLE
1856 0 s UNSATISFIABLE
1857 0 s UNSATISFIABLE
1858 0.663554 s UNSATISFIABLE
1859 0 s UNSATISFIABLE
1860 0.641773 s UNSATISFIABLE
1861 0.001173 s UNSATISFIABLE
1862 0 s UNSATISFIABLE
1863 0 s UNSATISFIABLE
1864 0 s UNSATISFIABLE
1865 0 s UNSATISFIABLE
1866 0.000938 s UNSATISFIABLE
1867 0.000634 s UNSATISFIABLE
1868 0.000663 s UNSATISFIABLE
1869 0 s UNSATISFIABLE
1870 0 s UNSATISFIABLE
1871 2.22838 s UNSATISFIABLE
1872 0.001306 s UNSATISFIABLE
1873 0 s UNSATISFIABLE
1874 0 s UNSATISFIABLE
1875 0 s UNSATISFIABLE
1876 0.679651 s UNSATISFIABLE
1877 0 s UNSATISFIABLE
1878 0.776882 s UNSATISFIABLE
1879 0 s UNSATISFIABLE
1880 0 s UNSATISFIABLE
1881 1.03452 s UNSATISFIABLE
1882 0 s UNSATISFIABLE
1883 1.08786 s UNSATISFIABLE
1884 0.815623 s UNSATISFIABLE
1885 0 s UNSATISFIABLE
1886 0 s UNSATISFIABLE
1887 0 s UNSATISFIABLE
1888 0 s UNSATISFIABLE
1889 0 s UNSATISFIABLE
1890 1.28661 s UNSATISFIABLE
1891 0.998678 s UNSATISFIABLE
1892 0 s UNSATISFIABLE
1893 0.947387 s UNSATISFIABLE
1894 1.81061 s UNSATISFIABLE
1895 0 s UNSATISFIABLE
1896 0.923546 s UNSATISFIABLE
1897 3.04848 s UNSATISFIABLE
1898 0 s UNSATISFIABLE
1899 3.35915 s UNSATISFIABLE
1900 2.14842 s UNSATISFIABLE
1901 0 s UNSATISFIABLE
1902 0 s UNSATISFIABLE
1903 0.000517 s UNSATISFIABLE
1904 0 s UNSATISFIABLE
1905 0 s UNSATISFIABLE
1906 0 s UNSATISFIABLE
1907 0 s UNSATISFIABLE
1908 3.29165 s UNSATISFIABLE
1909 1.23821 s UNSATISFIABLE
1910 0.000661 s UNSATISFIABLE
1911 2.87292 s UNSATISFIABLE
1912 0 s UNSATISFIABLE
1913 1.26489 s UNSATISFIABLE
1914 0 s UNSATISFIABLE
1915 0.001958 s UNSATISFIABLE
1916 0 s UNSATISFIABLE
1917 0 s UNSATISFIABLE
1918 0.001718 s UNSATISFIABLE
1919 0.001867 s UNSATISFIABLE
1920 0.961844 s UNSATISFIABLE
1921 1.20858 s UNSATISFIABLE
1922 0 s UNSATISFIABLE
1923 0.001113 s UNSATISFIABLE
1924 0 s UNSATISFIABLE
1925 0 s UNSATISFIABLE
1926 1.05783 s UNSATISFIABLE
1927 0.00188 s UNSATISFIABLE
1928 0 s UNSATISFIABLE
1929 0.001394 s UNSATISFIABLE
1930 1.35583 s UNSATISFIABLE
1931 0 s UNSATISFIABLE
1932 2.19778 s UNSATISFIABLE
1933 0.001398 s UNSATISFIABLE
1934 0.497675 s UNSATISFIABLE
1935 0.001867 s UNSATISFIABLE
1936 0.001623 s UNSATISFIABLE
1937 0.00165 s UNSATISFIABLE
1938 1.45195 s UNSATISFIABLE
1939 0 s UNSATISFIABLE
1940 0 s UNSATISFIABLE
1941 0 s UNSATISFIABLE
1942 0 s UNSATISFIABLE
1943 1.21309 s UNSATISFIABLE
1944 0.001414 s UNSATISFIABLE
1945 2.29171 s UNSATISFIABLE
1946 0 s UNSATISFIABLE
1947 0 s UNSATISFIABLE
1948 0 s UNSATISFIABLE
1949 2.03684 s UNSATISFIABLE
1950 0 s UNSATISFIABLE
1951 0 s UNSATISFIABLE
1952 0 s UNSATISFIABLE
1953 0.874521 s UNSATISFIABLE
1954 12.3008 s UNSATISFIABLE
1955 0 s UNSATISFIABLE
1956 0.00123 s UNSATISFIABLE
1957 0 s UNSATISFIABLE
1958 1.19188 s UNSATISFIABLE
1959 8.96648 s UNSATISFIABLE
1960 0.987324 s UNSATISFIABLE
1961 0.001465 s UNSATISFIABLE
1962 0 s UNSATISFIABLE
1963 0 s UNSATISFIABLE
1964 0 s UNSATISFIABLE
1965 1.13447 s UNSATISFIABLE
1966 1.19479 s UNSATISFIABLE
1967 0 s UNSATISFIABLE
1968 0 s UNSATISFIABLE
1969 0 s UNSATISFIABLE
1970 0.000913 s UNSATISFIABLE
1971 0 s UNSATISFIABLE
1972 0 s UNSATISFIABLE
1973 13.3771 s UNSATISFIABLE
1974 1.21425 s UNSATISFIABLE
1975 0.00072 s UNSATISFIABLE
1976 0 s UNSATISFIABLE
1977 0 s UNSATISFIABLE
1978 0 s UNSATISFIABLE
1979 0 s UNSATISFIABLE
1980 0.000819 s UNSATISFIABLE
1981 0 s UNSATISFIABLE
1982 0 s UNSATISFIABLE
1983 0 s UNSATISFIABLE
1984 0.001836 s UNSATISFIABLE
1985 0 s UNSATISFIABLE
1986 0 s UNSATISFIABLE
1987 0 s UNSATISFIABLE
1988 0.001668 s UNSATISFIABLE
1989 0 s UNSATISFIABLE
1990 0 s UNSATISFIABLE
1991 0 s UNSATISFIABLE
1992 0 s UNSATISFIABLE
1993 0 s UNSATISFIABLE
1994 0 s UNSATISFIABLE
1995 0 s UNSATISFIABLE
1996 5.03219 s UNSATISFIABLE
1997 0 s UNSATISFIABLE
1998 0.000988 s UNSATISFIABLE
1999 0 s UNSATISFIABLE
2000 0.000925 s UNSATISFIABLE
