0 0.89977 s UNSATISFIABLE
1 1.16144 s UNSATISFIABLE
2 0.685685 s UNSATISFIABLE
3 0.737628 s UNSATISFIABLE
4 0 s UNSATISFIABLE
5 0.778064 s UNSATISFIABLE
6 0 s UNSATISFIABLE
7 0.518331 s UNSATISFIABLE
8 0.666074 s UNSATISFIABLE
9 2.45159 s UNSATISFIABLE
10 0.639362 s UNSATISFIABLE
11 10772.7 s UNSATISFIABLE
12 0.901479 s UNSATISFIABLE
13 0.843474 s UNSATISFIABLE
14 1.12298 s UNSATISFIABLE
15 1.00689 s UNSATISFIABLE
16 0.70628 s UNSATISFIABLE
17 0.935646 s UNSATISFIABLE
18 1.08902 s UNSATISFIABLE
19 0.747762 s UNSATISFIABLE
20 1.07443 s UNSATISFIABLE
21 0.604776 s UNSATISFIABLE
22 0.96236 s UNSATISFIABLE
23 0.82227 s UNSATISFIABLE
24 0.9768 s UNSATISFIABLE
25 0.780928 s UNSATISFIABLE
26 0.93094 s UNSATISFIABLE
27 0.860308 s UNSATISFIABLE
28 78.1509 s UNSATISFIABLE
29 0.78523 s UNSATISFIABLE
30 0.954608 s UNSATISFIABLE
31 18.6758 s UNSATISFIABLE
32 1.30317 s UNSATISFIABLE
33 0.001222 s UNSATISFIABLE
34 0.780468 s UNSATISFIABLE
35 0.926648 s UNSATISFIABLE
36 0.803122 s UNSATISFIABLE
37 0 s UNSATISFIABLE
38 1.09851 s UNSATISFIABLE
39 0.86646 s UNSATISFIABLE
40 0.000572 s UNSATISFIABLE
41 0.000694 s UNSATISFIABLE
42 0 s UNSATISFIABLE
43 0.747059 s UNSATISFIABLE
44 1.60697 s UNSATISFIABLE
45 0.000554 s UNSATISFIABLE
46 0.745776 s UNSATISFIABLE
47 0.882454 s UNSATISFIABLE
48 0.694841 s UNSATISFIABLE
49 2.38157 s UNSATISFIABLE
50 0.920217 s UNSATISFIABLE
51 0 s UNSATISFIABLE
52 0 s UNSATISFIABLE
53 0.829735 s UNSATISFIABLE
54 0 s UNSATISFIABLE
55 0 s UNSATISFIABLE
56 0.82022 s UNSATISFIABLE
57 1.31671 s UNSATISFIABLE
58 0.001482 s UNSATISFIABLE
59 0.001529 s UNSATISFIABLE
60 20.6671 s UNSATISFIABLE
61 0.001102 s UNSATISFIABLE
62 0.001669 s UNSATISFIABLE
63 10.5738 s UNSATISFIABLE
64 0 s UNSATISFIABLE
65 0.000426 s UNSATISFIABLE
66 0.00184 s UNSATISFIABLE
67 0.001827 s UNSATISFIABLE
68 0 s UNSATISFIABLE
69 0.000879 s UNSATISFIABLE
70 0 s UNSATISFIABLE
71 0.000563 s UNSATISFIABLE
72 0.002121 s UNSATISFIABLE
73 0 s UNSATISFIABLE
74 0 s UNSATISFIABLE
75 0.001125 s UNSATISFIABLE
76 0.00069 s UNSATISFIABLE
77 0.001568 s UNSATISFIABLE
78 57.6033 s UNSATISFIABLE
79 0.665625 s UNSATISFIABLE
80 0.832769 s UNSATISFIABLE
81 0.85675 s UNSATISFIABLE
82 0.879086 s UNSATISFIABLE
83 0.901398 s UNSATISFIABLE
84 0.000874 s UNSATISFIABLE
85 3.5e-05 s UNSATISFIABLE
86 0.687932 s UNSATISFIABLE
87 1.16356 s UNSATISFIABLE
88 0.720644 s UNSATISFIABLE
89 0.895833 s UNSATISFIABLE
90 0 s UNSATISFIABLE
91 0.869347 s UNSATISFIABLE
92 0.684301 s UNSATISFIABLE
93 0.744544 s UNSATISFIABLE
94 0.812516 s UNSATISFIABLE
95 0.827349 s UNSATISFIABLE
96 0 s UNSATISFIABLE
97 0.83731 s UNSATISFIABLE
98 0.788292 s UNSATISFIABLE
99 10.5137 s UNSATISFIABLE
100 0.897437 s UNSATISFIABLE
101 0.916452 s UNSATISFIABLE
102 0.92258 s UNSATISFIABLE
103 1.00134 s UNSATISFIABLE
104 0.841927 s UNSATISFIABLE
105 0.771631 s UNSATISFIABLE
106 0.851062 s UNSATISFIABLE
107 0.814328 s UNSATISFIABLE
108 0.861868 s UNSATISFIABLE
109 0.725558 s UNSATISFIABLE
110 0.871892 s UNSATISFIABLE
111 0.936038 s UNSATISFIABLE
112 0.610795 s UNSATISFIABLE
113 0.94066 s UNSATISFIABLE
114 1.31541 s UNSATISFIABLE
115 0.886514 s UNSATISFIABLE
116 0.794899 s UNSATISFIABLE
117 1.50475 s UNSATISFIABLE
118 0.724292 s UNSATISFIABLE
119 0.705436 s UNSATISFIABLE
120 0.919799 s UNSATISFIABLE
121 0.809493 s UNSATISFIABLE
122 0.968718 s UNSATISFIABLE
123 0.788595 s UNSATISFIABLE
124 0.720434 s UNSATISFIABLE
125 0.536231 s UNSATISFIABLE
126 0.91792 s UNSATISFIABLE
127 1.06319 s UNSATISFIABLE
128 1.0035 s UNSATISFIABLE
129 1.16048 s UNSATISFIABLE
130 243.166 s UNSATISFIABLE
131 653.223 s UNSATISFIABLE
132 1.03653 s UNSATISFIABLE
133 0.000809 s UNSATISFIABLE
134 0.001161 s UNSATISFIABLE
135 57.725 s UNSATISFIABLE
136 1943.86 s UNSATISFIABLE
137 2825.33 s UNSATISFIABLE
138 1433.09 s UNSATISFIABLE
139 3098.76 s UNSATISFIABLE
140 1853.19 s UNSATISFIABLE
141 1477.38 s UNSATISFIABLE
142 262.327 s UNSATISFIABLE
143 7.1636 s UNSATISFIABLE
144 13.4939 s UNSATISFIABLE
145 33.2228 s UNSATISFIABLE
146 6.68152 s UNSATISFIABLE
147 0 s UNSATISFIABLE
148 7.24752 s UNSATISFIABLE
149 3.1832 s UNSATISFIABLE
150 0 s UNSATISFIABLE
151 0 s UNSATISFIABLE
152 0.000526 s UNSATISFIABLE
153 48.7121 s UNSATISFIABLE
154 153.325 s UNSATISFIABLE
155 489.853 s UNSATISFIABLE
156 158.249 s UNSATISFIABLE
157 582.732 s UNSATISFIABLE
158 0.001058 s UNSATISFIABLE
159 0 s UNSATISFIABLE
160 571.584 s UNSATISFIABLE
161 25.6961 s UNSATISFIABLE
162 17.1645 s UNSATISFIABLE
163 35.7725 s UNSATISFIABLE
164 159.673 s UNSATISFIABLE
165 119.695 s UNSATISFIABLE
166 622.07 s UNSATISFIABLE
167 285.234 s UNSATISFIABLE
168 596.887 s UNSATISFIABLE
169 301.792 s UNSATISFIABLE
170 0 s UNSATISFIABLE
171 11.3291 s UNSATISFIABLE
172 0 s UNSATISFIABLE
173 0 s UNSATISFIABLE
174 0 s UNSATISFIABLE
175 1601.34 s UNSATISFIABLE
176 434.477 s UNSATISFIABLE
177 0 s UNSATISFIABLE
178 0 s UNSATISFIABLE
179 525.876 s UNSATISFIABLE
180 0.001735 s UNSATISFIABLE
181 80.7166 s UNSATISFIABLE
182 0.001804 s UNSATISFIABLE
183 0.001028 s UNSATISFIABLE
184 885.732 s UNSATISFIABLE
185 0 s UNSATISFIABLE
186 330.384 s UNSATISFIABLE
187 646.639 s UNSATISFIABLE
188 831.876 s UNSATISFIABLE
189 0.001062 s UNSATISFIABLE
190 0.001121 s UNSATISFIABLE
191 188.276 s UNSATISFIABLE
192 0.000719 s UNSATISFIABLE
193 647.828 s UNSATISFIABLE
194 3130.39 s UNSATISFIABLE
195 585.479 s UNSATISFIABLE
196 0.001724 s UNSATISFIABLE
197 0.000539 s UNSATISFIABLE
198 0.002154 s UNSATISFIABLE
199 0.840838 s UNSATISFIABLE
200 1.01013 s UNSATISFIABLE
201 0.432589 s UNSATISFIABLE
202 1.05957 s UNSATISFIABLE
203 0.967389 s UNSATISFIABLE
204 0.981115 s UNSATISFIABLE
205 0.929484 s UNSATISFIABLE
206 1.1799 s UNSATISFIABLE
207 1.10072 s UNSATISFIABLE
208 0.875932 s UNSATISFIABLE
209 0.976753 s UNSATISFIABLE
210 0 s UNSATISFIABLE
211 0 s UNSATISFIABLE
212 6.40773 s UNSATISFIABLE
213 6.02043 s UNSATISFIABLE
214 0.7288 s UNSATISFIABLE
215 0.73255 s UNSATISFIABLE
216 0 s UNSATISFIABLE
217 0.699417 s UNSATISFIABLE
218 0.845644 s UNSATISFIABLE
219 0.886842 s UNSATISFIABLE
220 0.730903 s UNSATISFIABLE
221 0.753726 s UNSATISFIABLE
222 4.49471 s UNSATISFIABLE
223 0.000575 s UNSATISFIABLE
224 0.767191 s UNSATISFIABLE
225 4185.11 s UNSATISFIABLE
226 0.882059 s UNSATISFIABLE
227 1.01053 s UNSATISFIABLE
228 1.1419 s UNSATISFIABLE
229 1.04567 s UNSATISFIABLE
230 1.17716 s UNSATISFIABLE
231 1.11348 s UNSATISFIABLE
232 0.974686 s UNSATISFIABLE
233 1.11109 s UNSATISFIABLE
234 1.04851 s UNSATISFIABLE
235 1.08851 s UNSATISFIABLE
236 1.23006 s UNSATISFIABLE
237 0.557883 s UNSATISFIABLE
238 1.06193 s UNSATISFIABLE
239 0.644901 s UNSATISFIABLE
240 0.686787 s UNSATISFIABLE
241 1.07078 s UNSATISFIABLE
242 0.676612 s UNSATISFIABLE
243 0.858697 s UNSATISFIABLE
244 0.715439 s UNSATISFIABLE
245 1.15357 s UNSATISFIABLE
246 0.744309 s UNSATISFIABLE
247 0.731617 s UNSATISFIABLE
248 0.887963 s UNSATISFIABLE
249 0.965781 s UNSATISFIABLE
250 13.6604 s UNSATISFIABLE
251 0.928713 s UNSATISFIABLE
252 0.66866 s UNSATISFIABLE
253 0.680954 s UNSATISFIABLE
254 0.735357 s UNSATISFIABLE
255 0.8243 s UNSATISFIABLE
256 0.530784 s UNSATISFIABLE
257 0.812922 s UNSATISFIABLE
258 0.799637 s UNSATISFIABLE
259 0.853862 s UNSATISFIABLE
260 0.787789 s UNSATISFIABLE
261 0.8501 s UNSATISFIABLE
262 0.001599 s UNSATISFIABLE
263 19.9114 s UNSATISFIABLE
264 5.79468 s UNSATISFIABLE
265 6.51557 s UNSATISFIABLE
266 3.33018 s UNSATISFIABLE
267 2.26537 s UNSATISFIABLE
268 48.8184 s UNSATISFIABLE
269 902.443 s UNSATISFIABLE
270 0.911485 s UNSATISFIABLE
271 0.533557 s UNSATISFIABLE
272 0.949387 s UNSATISFIABLE
273 0.871166 s UNSATISFIABLE
274 0.407963 s UNSATISFIABLE
275 0 s UNSATISFIABLE
276 56.9727 s UNSATISFIABLE
277 18.7776 s UNSATISFIABLE
278 1.87387 s UNSATISFIABLE
279 0.819507 s UNSATISFIABLE
280 0.931734 s UNSATISFIABLE
281 15.462 s UNSATISFIABLE
282 344.058 s UNSATISFIABLE
283 22.6095 s UNSATISFIABLE
284 19.7964 s UNSATISFIABLE
285 0.670349 s UNSATISFIABLE
286 0.895053 s UNSATISFIABLE
287 1.04906 s UNSATISFIABLE
288 4.10199 s UNSATISFIABLE
289 1.63767 s UNSATISFIABLE
290 1.03403 s UNSATISFIABLE
291 8.01235 s UNSATISFIABLE
292 167.591 s UNSATISFIABLE
293 0.001109 s UNSATISFIABLE
294 209.304 s UNSATISFIABLE
295 43.7287 s UNSATISFIABLE
296 51.0536 s UNSATISFIABLE
297 206.753 s UNSATISFIABLE
298 26.3596 s UNSATISFIABLE
299 4.12433 s UNSATISFIABLE
300 120.356 s UNSATISFIABLE
301 207.657 s UNSATISFIABLE
302 1.23479 s UNSATISFIABLE
303 0.001099 s UNSATISFIABLE
304 288.094 s UNSATISFIABLE
305 17.1343 s UNSATISFIABLE
306 0.001037 s UNSATISFIABLE
307 275.296 s UNSATISFIABLE
308 1.47065 s UNSATISFIABLE
309 0 s UNSATISFIABLE
310 69.8062 s UNSATISFIABLE
311 0.001099 s UNSATISFIABLE
312 6.44574 s UNSATISFIABLE
313 0.001946 s UNSATISFIABLE
314 0.545979 s UNSATISFIABLE
315 0.778061 s UNSATISFIABLE
316 0.733489 s UNSATISFIABLE
317 0.754434 s UNSATISFIABLE
318 0.902856 s UNSATISFIABLE
319 0.833802 s UNSATISFIABLE
320 3.97356 s UNSATISFIABLE
321 0.938555 s UNSATISFIABLE
322 0.808702 s UNSATISFIABLE
323 0.001908 s UNSATISFIABLE
324 3.42925 s UNSATISFIABLE
325 0 s UNSATISFIABLE
326 0.00055 s UNSATISFIABLE
327 0.001031 s UNSATISFIABLE
328 9e-06 s UNSATISFIABLE
329 0.000627 s UNSATISFIABLE
330 0 s UNSATISFIABLE
331 0 s UNSATISFIABLE
332 0 s UNSATISFIABLE
333 0.000756 s UNSATISFIABLE
334 0.002055 s UNSATISFIABLE
335 0 s UNSATISFIABLE
336 0.81387 s UNSATISFIABLE
337 0.993537 s UNSATISFIABLE
338 8.63902 s UNSATISFIABLE
339 0.001 s UNSATISFIABLE
340 0 s UNSATISFIABLE
341 2.66171 s UNSATISFIABLE
342 0.725677 s UNSATISFIABLE
343 0.774051 s UNSATISFIABLE
344 0.89754 s UNSATISFIABLE
345 0.502231 s UNSATISFIABLE
346 0.72538 s UNSATISFIABLE
347 0.79975 s UNSATISFIABLE
348 0.773793 s UNSATISFIABLE
349 0 s UNSATISFIABLE
350 0 s UNSATISFIABLE
351 0.851489 s UNSATISFIABLE
352 0.949683 s UNSATISFIABLE
353 0.444246 s UNSATISFIABLE
354 0 s UNSATISFIABLE
355 0.635311 s UNSATISFIABLE
356 0.875179 s UNSATISFIABLE
357 0.831992 s UNSATISFIABLE
358 0.001751 s UNSATISFIABLE
359 1.09755 s UNSATISFIABLE
360 0.715747 s UNSATISFIABLE
361 0 s UNSATISFIABLE
362 0.904773 s UNSATISFIABLE
363 0.976014 s UNSATISFIABLE
364 0.780018 s UNSATISFIABLE
365 0.669034 s UNSATISFIABLE
366 0 s UNSATISFIABLE
367 2.85064 s UNSATISFIABLE
368 5.00172 s UNSATISFIABLE
369 13.4705 s UNSATISFIABLE
370 0.824758 s UNSATISFIABLE
371 10.5077 s UNSATISFIABLE
372 0.85941 s UNSATISFIABLE
373 0.992977 s UNSATISFIABLE
374 390.335 s UNSATISFIABLE
375 322.748 s UNSATISFIABLE
376 2.61604 s UNSATISFIABLE
377 1.34595 s UNSATISFIABLE
378 1.07271 s UNSATISFIABLE
379 26.1289 s UNSATISFIABLE
380 0.657239 s UNSATISFIABLE
381 0.735449 s UNSATISFIABLE
382 0.742419 s UNSATISFIABLE
383 0.797235 s UNSATISFIABLE
384 0.77072 s UNSATISFIABLE
385 0 s UNSATISFIABLE
386 1.67521 s UNSATISFIABLE
387 0 s UNSATISFIABLE
388 0.774504 s UNSATISFIABLE
389 0.956433 s UNSATISFIABLE
390 0 s UNSATISFIABLE
391 0 s UNSATISFIABLE
392 0 s UNSATISFIABLE
393 158.12 s UNSATISFIABLE
394 7.19336 s UNSATISFIABLE
395 0 s UNSATISFIABLE
396 0 s UNSATISFIABLE
397 0.90736 s UNSATISFIABLE
398 1.16515 s UNSATISFIABLE
399 0.878631 s UNSATISFIABLE
400 1.1422 s UNSATISFIABLE
401 0.749657 s UNSATISFIABLE
402 0.933457 s UNSATISFIABLE
403 0.951534 s UNSATISFIABLE
404 0.950056 s UNSATISFIABLE
405 0.982849 s UNSATISFIABLE
406 0.933235 s UNSATISFIABLE
407 1.0952 s UNSATISFIABLE
408 1.10291 s UNSATISFIABLE
409 0.002027 s UNSATISFIABLE
410 1.10977 s UNSATISFIABLE
411 0.751888 s UNSATISFIABLE
412 0.769912 s UNSATISFIABLE
413 0.921658 s UNSATISFIABLE
414 0.850114 s UNSATISFIABLE
415 0.935381 s UNSATISFIABLE
416 0.950035 s UNSATISFIABLE
417 1.09926 s UNSATISFIABLE
418 0.946215 s UNSATISFIABLE
419 1.05154 s UNSATISFIABLE
420 0.913833 s UNSATISFIABLE
421 0 s UNSATISFIABLE
422 0 s UNSATISFIABLE
423 0 s UNSATISFIABLE
424 0.00109 s UNSATISFIABLE
425 0.00104 s UNSATISFIABLE
426 0 s UNSATISFIABLE
427 0.000846 s UNSATISFIABLE
428 0.00075 s UNSATISFIABLE
429 0.001083 s UNSATISFIABLE
430 0 s UNSATISFIABLE
431 0 s UNSATISFIABLE
432 0.001477 s UNSATISFIABLE
433 0 s UNSATISFIABLE
434 0.986737 s UNSATISFIABLE
435 0.856796 s UNSATISFIABLE
436 1.24508 s UNSATISFIABLE
437 1.14008 s UNSATISFIABLE
438 0.891013 s UNSATISFIABLE
439 0.963292 s UNSATISFIABLE
440 1.03391 s UNSATISFIABLE
441 0.964387 s UNSATISFIABLE
442 0.93908 s UNSATISFIABLE
443 1.07587 s UNSATISFIABLE
444 1.34456 s UNSATISFIABLE
445 0.919361 s UNSATISFIABLE
446 1.16041 s UNSATISFIABLE
447 1.09441 s UNSATISFIABLE
448 1.00313 s UNSATISFIABLE
449 1.03548 s UNSATISFIABLE
450 0.823402 s UNSATISFIABLE
451 0.893735 s UNSATISFIABLE
452 0 s UNSATISFIABLE
453 0.875421 s UNSATISFIABLE
454 0 s UNSATISFIABLE
455 0 s UNSATISFIABLE
456 0.933875 s UNSATISFIABLE
457 1.15652 s UNSATISFIABLE
458 0.750782 s UNSATISFIABLE
459 1.01425 s UNSATISFIABLE
460 1.20917 s UNSATISFIABLE
461 0.992567 s UNSATISFIABLE
462 0 s UNSATISFIABLE
463 0.766635 s UNSATISFIABLE
464 0.918 s UNSATISFIABLE
465 1.3441 s UNSATISFIABLE
466 0.979173 s UNSATISFIABLE
467 0.93948 s UNSATISFIABLE
468 1.02772 s UNSATISFIABLE
469 0.813398 s UNSATISFIABLE
470 0 s UNSATISFIABLE
471 0.796123 s UNSATISFIABLE
472 0.88666 s UNSATISFIABLE
473 0.969195 s UNSATISFIABLE
474 1.07388 s UNSATISFIABLE
475 0.964951 s UNSATISFIABLE
476 0.909801 s UNSATISFIABLE
477 0.757732 s UNSATISFIABLE
478 0.913335 s UNSATISFIABLE
479 0.804729 s UNSATISFIABLE
480 0.93708 s UNSATISFIABLE
481 1.01841 s UNSATISFIABLE
482 0.954904 s UNSATISFIABLE
483 1.01978 s UNSATISFIABLE
484 0.755895 s UNSATISFIABLE
485 0.653731 s UNSATISFIABLE
486 1.22205 s UNSATISFIABLE
487 1.00358 s UNSATISFIABLE
488 0.926543 s UNSATISFIABLE
489 1.00813 s UNSATISFIABLE
490 0.001141 s UNSATISFIABLE
491 1.02129 s UNSATISFIABLE
492 0.860725 s UNSATISFIABLE
493 0.000616 s UNSATISFIABLE
494 0.906707 s UNSATISFIABLE
495 0.757915 s UNSATISFIABLE
496 0.981723 s UNSATISFIABLE
497 0.887013 s UNSATISFIABLE
498 0.989908 s UNSATISFIABLE
499 0.884627 s UNSATISFIABLE
500 0.690363 s UNSATISFIABLE
501 1.01977 s UNSATISFIABLE
502 0.953758 s UNSATISFIABLE
503 0.860754 s UNSATISFIABLE
504 0.992325 s UNSATISFIABLE
505 0.93645 s UNSATISFIABLE
506 0.970281 s UNSATISFIABLE
507 0.851821 s UNSATISFIABLE
508 0.909159 s UNSATISFIABLE
509 0 s UNSATISFIABLE
510 0.890909 s UNSATISFIABLE
511 0.793685 s UNSATISFIABLE
512 0.864017 s UNSATISFIABLE
513 1.05909 s UNSATISFIABLE
514 0.00109 s UNSATISFIABLE
515 1.00817 s UNSATISFIABLE
516 0.908757 s UNSATISFIABLE
517 0.926001 s UNSATISFIABLE
518 0 s UNSATISFIABLE
519 0.797151 s UNSATISFIABLE
520 0.824187 s UNSATISFIABLE
521 0.781379 s UNSATISFIABLE
522 0.664422 s UNSATISFIABLE
523 0.00123 s UNSATISFIABLE
524 0.94217 s UNSATISFIABLE
525 0.750563 s UNSATISFIABLE
526 1.10517 s UNSATISFIABLE
527 0.677768 s UNSATISFIABLE
528 0.001284 s UNSATISFIABLE
529 0.001601 s UNSATISFIABLE
530 0.722098 s UNSATISFIABLE
531 0 s UNSATISFIABLE
532 0.844911 s UNSATISFIABLE
533 0.960721 s UNSATISFIABLE
534 0.929473 s UNSATISFIABLE
535 0.94277 s UNSATISFIABLE
536 0 s UNSATISFIABLE
537 0 s UNSATISFIABLE
538 0.998233 s UNSATISFIABLE
539 0.630807 s UNSATISFIABLE
540 0.884966 s UNSATISFIABLE
541 0 s UNSATISFIABLE
542 0.001066 s UNSATISFIABLE
543 0.686118 s UNSATISFIABLE
544 0 s UNSATISFIABLE
545 0.69211 s UNSATISFIABLE
546 0.821699 s UNSATISFIABLE
547 0.827279 s UNSATISFIABLE
548 0.758341 s UNSATISFIABLE
549 0.746237 s UNSATISFIABLE
550 1.12419 s UNSATISFIABLE
551 1.17077 s UNSATISFIABLE
552 1.08014 s UNSATISFIABLE
553 0.855555 s UNSATISFIABLE
554 1.16892 s UNSATISFIABLE
555 0.803756 s UNSATISFIABLE
556 0.989622 s UNSATISFIABLE
557 0.958082 s UNSATISFIABLE
558 0.754854 s UNSATISFIABLE
559 0.001625 s UNSATISFIABLE
560 0.986459 s UNSATISFIABLE
561 0.938099 s UNSATISFIABLE
562 1.05293 s UNSATISFIABLE
563 0.788583 s UNSATISFIABLE
564 0.789789 s UNSATISFIABLE
565 0 s UNSATISFIABLE
566 0.00119 s UNSATISFIABLE
567 0.001095 s UNSATISFIABLE
568 0 s UNSATISFIABLE
569 0.653394 s UNSATISFIABLE
570 0.707459 s UNSATISFIABLE
571 0.002048 s UNSATISFIABLE
572 0 s UNSATISFIABLE
573 0 s UNSATISFIABLE
574 0 s UNSATISFIABLE
575 0 s UNSATISFIABLE
576 0.00155 s UNSATISFIABLE
577 0.000857 s UNSATISFIABLE
578 0 s UNSATISFIABLE
579 0.000629 s UNSATISFIABLE
580 0 s UNSATISFIABLE
581 0.810276 s UNSATISFIABLE
582 0 s UNSATISFIABLE
583 0.001709 s UNSATISFIABLE
584 0.000732 s UNSATISFIABLE
585 0.001802 s UNSATISFIABLE
586 0.001883 s UNSATISFIABLE
587 0.001182 s UNSATISFIABLE
588 0.000988 s UNSATISFIABLE
589 0.001311 s UNSATISFIABLE
590 0.001346 s UNSATISFIABLE
591 0.001522 s UNSATISFIABLE
592 0 s UNSATISFIABLE
593 0.660936 s UNSATISFIABLE
594 0 s UNSATISFIABLE
595 0 s UNSATISFIABLE
596 0.970537 s UNSATISFIABLE
597 0.594142 s UNSATISFIABLE
598 0 s UNSATISFIABLE
599 0.872385 s UNSATISFIABLE
600 0.730075 s UNSATISFIABLE
601 0.622601 s UNSATISFIABLE
602 0.678077 s UNSATISFIABLE
603 0.939028 s UNSATISFIABLE
604 0.001338 s UNSATISFIABLE
605 0 s UNSATISFIABLE
606 0.00133 s UNSATISFIABLE
607 0 s UNSATISFIABLE
608 0.001645 s UNSATISFIABLE
609 0 s UNSATISFIABLE
610 0 s UNSATISFIABLE
611 0.645275 s UNSATISFIABLE
612 0 s UNSATISFIABLE
613 0.000997 s UNSATISFIABLE
614 0.883093 s UNSATISFIABLE
615 0 s UNSATISFIABLE
616 0 s UNSATISFIABLE
617 0 s UNSATISFIABLE
618 0 s UNSATISFIABLE
619 0 s UNSATISFIABLE
620 0.001516 s UNSATISFIABLE
621 0.001055 s UNSATISFIABLE
622 0 s UNSATISFIABLE
623 0.001877 s UNSATISFIABLE
624 0.001141 s UNSATISFIABLE
625 0 s UNSATISFIABLE
626 0.001541 s UNSATISFIABLE
627 0.802197 s UNSATISFIABLE
628 0.001213 s UNSATISFIABLE
629 0 s UNSATISFIABLE
630 0.891405 s UNSATISFIABLE
631 0 s UNSATISFIABLE
632 0.001504 s UNSATISFIABLE
633 0 s UNSATISFIABLE
634 0.896312 s UNSATISFIABLE
635 0.768557 s UNSATISFIABLE
636 0 s UNSATISFIABLE
637 0 s UNSATISFIABLE
638 0.002272 s UNSATISFIABLE
639 0 s UNSATISFIABLE
640 0 s UNSATISFIABLE
641 0 s UNSATISFIABLE
642 0 s UNSATISFIABLE
643 0 s UNSATISFIABLE
644 0 s UNSATISFIABLE
645 0.001457 s UNSATISFIABLE
646 0 s UNSATISFIABLE
647 0.001626 s UNSATISFIABLE
648 0 s UNSATISFIABLE
649 0 s UNSATISFIABLE
650 0.001059 s UNSATISFIABLE
651 0 s UNSATISFIABLE
652 0 s UNSATISFIABLE
653 0 s UNSATISFIABLE
654 0.000617 s UNSATISFIABLE
655 0 s UNSATISFIABLE
656 0 s UNSATISFIABLE
657 0 s UNSATISFIABLE
658 0.966757 s UNSATISFIABLE
659 0 s UNSATISFIABLE
660 0.88281 s UNSATISFIABLE
661 0.728031 s UNSATISFIABLE
662 0 s UNSATISFIABLE
663 1.09903 s UNSATISFIABLE
664 1.15907 s UNSATISFIABLE
665 1.13765 s UNSATISFIABLE
666 0.963123 s UNSATISFIABLE
667 1.74297 s UNSATISFIABLE
668 0 s UNSATISFIABLE
669 1.06843 s UNSATISFIABLE
670 2.01909 s UNSATISFIABLE
671 0.735286 s UNSATISFIABLE
672 1.00116 s UNSATISFIABLE
673 1.17318 s UNSATISFIABLE
674 0.935757 s UNSATISFIABLE
675 1.02416 s UNSATISFIABLE
676 1.05632 s UNSATISFIABLE
677 1.11817 s UNSATISFIABLE
678 0.938948 s UNSATISFIABLE
679 0.973363 s UNSATISFIABLE
680 0 s UNSATISFIABLE
681 0.960741 s UNSATISFIABLE
682 0.001601 s UNSATISFIABLE
683 0.952706 s UNSATISFIABLE
684 0.765521 s UNSATISFIABLE
685 0.862522 s UNSATISFIABLE
686 0.901287 s UNSATISFIABLE
687 0.912566 s UNSATISFIABLE
688 0.967317 s UNSATISFIABLE
689 0.860321 s UNSATISFIABLE
690 0.835205 s UNSATISFIABLE
691 0 s UNSATISFIABLE
692 0 s UNSATISFIABLE
693 1.00834 s UNSATISFIABLE
694 0.83453 s UNSATISFIABLE
695 0.626423 s UNSATISFIABLE
696 0.894802 s UNSATISFIABLE
697 0.855866 s UNSATISFIABLE
698 1.13969 s UNSATISFIABLE
699 0.906056 s UNSATISFIABLE
700 1.00906 s UNSATISFIABLE
701 0.967318 s UNSATISFIABLE
702 0.930401 s UNSATISFIABLE
703 0.96634 s UNSATISFIABLE
704 0 s UNSATISFIABLE
705 0.915526 s UNSATISFIABLE
706 0.871839 s UNSATISFIABLE
707 1.01211 s UNSATISFIABLE
708 0.795763 s UNSATISFIABLE
709 0.883915 s UNSATISFIABLE
710 0.92115 s UNSATISFIABLE
711 1.11678 s UNSATISFIABLE
712 0.765425 s UNSATISFIABLE
713 0.821407 s UNSATISFIABLE
714 0.779388 s UNSATISFIABLE
715 0.925758 s UNSATISFIABLE
716 0.693375 s UNSATISFIABLE
717 0.000545 s UNSATISFIABLE
718 0.577181 s UNSATISFIABLE
719 0.799583 s UNSATISFIABLE
720 0.886404 s UNSATISFIABLE
721 0.955777 s UNSATISFIABLE
722 0.00113 s UNSATISFIABLE
723 0.712813 s UNSATISFIABLE
724 0.900873 s UNSATISFIABLE
725 0.603603 s UNSATISFIABLE
726 0.964049 s UNSATISFIABLE
727 0.93099 s UNSATISFIABLE
728 0.946255 s UNSATISFIABLE
729 0.913753 s UNSATISFIABLE
730 0.458873 s UNSATISFIABLE
731 0.840693 s UNSATISFIABLE
732 0.514482 s UNSATISFIABLE
733 0.974055 s UNSATISFIABLE
734 0 s UNSATISFIABLE
735 0 s UNSATISFIABLE
736 0.001189 s UNSATISFIABLE
737 0.841903 s UNSATISFIABLE
738 1.25822 s UNSATISFIABLE
739 1.12676 s UNSATISFIABLE
740 0.951225 s UNSATISFIABLE
741 0.972601 s UNSATISFIABLE
742 0.633734 s UNSATISFIABLE
743 0.818243 s UNSATISFIABLE
744 1.00846 s UNSATISFIABLE
745 0.918531 s UNSATISFIABLE
746 0.829754 s UNSATISFIABLE
747 1.14824 s UNSATISFIABLE
748 0.967816 s UNSATISFIABLE
749 0.968336 s UNSATISFIABLE
750 0.941686 s UNSATISFIABLE
751 0.001642 s UNSATISFIABLE
752 0.754193 s UNSATISFIABLE
753 0.886142 s UNSATISFIABLE
754 1.23191 s UNSATISFIABLE
755 0.934767 s UNSATISFIABLE
756 1.02734 s UNSATISFIABLE
757 0.666756 s UNSATISFIABLE
758 0.912315 s UNSATISFIABLE
759 1.12122 s UNSATISFIABLE
760 0 s UNSATISFIABLE
761 0 s UNSATISFIABLE
762 0 s UNSATISFIABLE
763 0.905906 s UNSATISFIABLE
764 0.879664 s UNSATISFIABLE
765 0.978762 s UNSATISFIABLE
766 0.69637 s UNSATISFIABLE
767 0.68505 s UNSATISFIABLE
768 0.804398 s UNSATISFIABLE
769 0.749352 s UNSATISFIABLE
770 0.67104 s UNSATISFIABLE
771 0.677848 s UNSATISFIABLE
772 0.703683 s UNSATISFIABLE
773 0.780447 s UNSATISFIABLE
774 0.960073 s UNSATISFIABLE
775 0.735771 s UNSATISFIABLE
776 1.09106 s UNSATISFIABLE
777 0.001566 s UNSATISFIABLE
778 0.820853 s UNSATISFIABLE
779 0.854782 s UNSATISFIABLE
780 1.02779 s UNSATISFIABLE
781 0.724253 s UNSATISFIABLE
782 0.922918 s UNSATISFIABLE
783 0.973396 s UNSATISFIABLE
784 1.01583 s UNSATISFIABLE
785 1.10855 s UNSATISFIABLE
786 0.661587 s UNSATISFIABLE
787 0.851591 s UNSATISFIABLE
788 0.806261 s UNSATISFIABLE
789 0.933738 s UNSATISFIABLE
790 0.940449 s UNSATISFIABLE
791 0.822833 s UNSATISFIABLE
792 0.827206 s UNSATISFIABLE
793 0 s UNSATISFIABLE
794 1.05311 s UNSATISFIABLE
795 0 s UNSATISFIABLE
796 0 s UNSATISFIABLE
797 0.809981 s UNSATISFIABLE
798 0.843366 s UNSATISFIABLE
799 0.950821 s UNSATISFIABLE
800 0.930669 s UNSATISFIABLE
801 0.937674 s UNSATISFIABLE
802 0.547503 s UNSATISFIABLE
803 0.941808 s UNSATISFIABLE
804 0.631151 s UNSATISFIABLE
805 0.883563 s UNSATISFIABLE
806 0.699932 s UNSATISFIABLE
807 0.887564 s UNSATISFIABLE
808 0.857093 s UNSATISFIABLE
809 0.89468 s UNSATISFIABLE
810 0.966603 s UNSATISFIABLE
811 0.663641 s UNSATISFIABLE
812 0.867377 s UNSATISFIABLE
813 0.83052 s UNSATISFIABLE
814 0.843941 s UNSATISFIABLE
815 0.869201 s UNSATISFIABLE
816 0.869948 s UNSATISFIABLE
817 0.684697 s UNSATISFIABLE
818 0.850006 s UNSATISFIABLE
819 1.09049 s UNSATISFIABLE
820 0.688538 s UNSATISFIABLE
821 1.081 s UNSATISFIABLE
822 0.981629 s UNSATISFIABLE
823 0.001342 s UNSATISFIABLE
824 0.001491 s UNSATISFIABLE
825 0.587434 s UNSATISFIABLE
826 0.902586 s UNSATISFIABLE
827 0.832262 s UNSATISFIABLE
828 0 s UNSATISFIABLE
829 0.792763 s UNSATISFIABLE
830 0.958998 s UNSATISFIABLE
831 0.828462 s UNSATISFIABLE
832 0.001279 s UNSATISFIABLE
833 1.17767 s UNSATISFIABLE
834 0 s UNSATISFIABLE
835 0.898217 s UNSATISFIABLE
836 0 s UNSATISFIABLE
837 0.000527 s UNSATISFIABLE
838 0.63105 s UNSATISFIABLE
839 0 s UNSATISFIABLE
840 0 s UNSATISFIABLE
841 0.001886 s UNSATISFIABLE
842 0.867598 s UNSATISFIABLE
843 0.805048 s UNSATISFIABLE
844 0.001583 s UNSATISFIABLE
845 0.769932 s UNSATISFIABLE
846 0.646893 s UNSATISFIABLE
847 0.789841 s UNSATISFIABLE
848 0.743376 s UNSATISFIABLE
849 0.765321 s UNSATISFIABLE
850 0.91715 s UNSATISFIABLE
851 0 s UNSATISFIABLE
852 0.001167 s UNSATISFIABLE
853 0 s UNSATISFIABLE
854 0 s UNSATISFIABLE
855 0.00271 s UNSATISFIABLE
856 0.659656 s UNSATISFIABLE
857 0.780254 s UNSATISFIABLE
858 0.000521 s UNSATISFIABLE
859 0 s UNSATISFIABLE
860 0 s UNSATISFIABLE
861 0.001367 s UNSATISFIABLE
862 0.001849 s UNSATISFIABLE
863 0.689395 s UNSATISFIABLE
864 0.848949 s UNSATISFIABLE
865 1.02357 s UNSATISFIABLE
866 0 s UNSATISFIABLE
867 1.06521 s UNSATISFIABLE
868 0.760411 s UNSATISFIABLE
869 0.762205 s UNSATISFIABLE
870 0.624621 s UNSATISFIABLE
871 0.704609 s UNSATISFIABLE
872 0.800127 s UNSATISFIABLE
873 0.76766 s UNSATISFIABLE
874 0.830382 s UNSATISFIABLE
875 0.001387 s UNSATISFIABLE
876 0 s UNSATISFIABLE
877 0.711626 s UNSATISFIABLE
878 0.001639 s UNSATISFIABLE
879 1.03168 s UNSATISFIABLE
880 0 s UNSATISFIABLE
881 0.988812 s UNSATISFIABLE
882 0.724168 s UNSATISFIABLE
883 0.695731 s UNSATISFIABLE
884 0.813906 s UNSATISFIABLE
885 0.000478 s UNSATISFIABLE
886 0.754676 s UNSATISFIABLE
887 0.858323 s UNSATISFIABLE
888 0.843812 s UNSATISFIABLE
889 0.817469 s UNSATISFIABLE
890 0.767708 s UNSATISFIABLE
891 0.77442 s UNSATISFIABLE
892 0.689724 s UNSATISFIABLE
893 1.01536 s UNSATISFIABLE
894 0.817381 s UNSATISFIABLE
895 0 s UNSATISFIABLE
896 0 s UNSATISFIABLE
897 0.001423 s UNSATISFIABLE
898 0.920107 s UNSATISFIABLE
899 0.773741 s UNSATISFIABLE
900 0.000672 s UNSATISFIABLE
901 0.75822 s UNSATISFIABLE
902 0.001453 s UNSATISFIABLE
903 0.62377 s UNSATISFIABLE
904 0 s UNSATISFIABLE
905 0 s UNSATISFIABLE
906 0.00232 s UNSATISFIABLE
907 0.955972 s UNSATISFIABLE
908 0 s UNSATISFIABLE
909 0.001436 s UNSATISFIABLE
910 0.002192 s UNSATISFIABLE
911 0.001353 s UNSATISFIABLE
912 0.001795 s UNSATISFIABLE
913 0.728445 s UNSATISFIABLE
914 0.606861 s UNSATISFIABLE
915 0 s UNSATISFIABLE
916 0.864568 s UNSATISFIABLE
917 0.001535 s UNSATISFIABLE
918 0 s UNSATISFIABLE
919 0.002029 s UNSATISFIABLE
920 0.002012 s UNSATISFIABLE
921 0.001615 s UNSATISFIABLE
922 0 s UNSATISFIABLE
923 0.002129 s UNSATISFIABLE
924 0 s UNSATISFIABLE
925 0.726982 s UNSATISFIABLE
926 0.791622 s UNSATISFIABLE
927 0.777012 s UNSATISFIABLE
928 0.950521 s UNSATISFIABLE
929 1.04536 s UNSATISFIABLE
930 0.892919 s UNSATISFIABLE
931 1.16231 s UNSATISFIABLE
932 1.09282 s UNSATISFIABLE
933 0 s UNSATISFIABLE
934 0 s UNSATISFIABLE
935 0.939561 s UNSATISFIABLE
936 0.646812 s UNSATISFIABLE
937 0.91346 s UNSATISFIABLE
938 0 s UNSATISFIABLE
939 0.866459 s UNSATISFIABLE
940 1.05879 s UNSATISFIABLE
941 0.873062 s UNSATISFIABLE
942 0.969152 s UNSATISFIABLE
943 0.73955 s UNSATISFIABLE
944 0.872942 s UNSATISFIABLE
945 0.829653 s UNSATISFIABLE
946 1.01566 s UNSATISFIABLE
947 0.957624 s UNSATISFIABLE
948 0.71803 s UNSATISFIABLE
949 1.03846 s UNSATISFIABLE
950 1.00127 s UNSATISFIABLE
951 1.05672 s UNSATISFIABLE
952 0.706974 s UNSATISFIABLE
953 0.772649 s UNSATISFIABLE
954 0 s UNSATISFIABLE
955 0.690429 s UNSATISFIABLE
956 0 s UNSATISFIABLE
957 0.002141 s UNSATISFIABLE
958 0 s UNSATISFIABLE
959 0 s UNSATISFIABLE
960 0.001993 s UNSATISFIABLE
961 0.000616 s UNSATISFIABLE
962 0.001547 s UNSATISFIABLE
963 0 s UNSATISFIABLE
964 0.517642 s UNSATISFIABLE
965 0.769256 s UNSATISFIABLE
966 0.001302 s UNSATISFIABLE
967 0.678733 s UNSATISFIABLE
968 0.884291 s UNSATISFIABLE
969 0.881239 s UNSATISFIABLE
970 0 s UNSATISFIABLE
971 0.848668 s UNSATISFIABLE
972 0.659812 s UNSATISFIABLE
973 0.837981 s UNSATISFIABLE
974 0.696253 s UNSATISFIABLE
975 1.0408 s UNSATISFIABLE
976 0.912771 s UNSATISFIABLE
977 0.001554 s UNSATISFIABLE
978 0.001273 s UNSATISFIABLE
979 1.02118 s UNSATISFIABLE
980 0.002169 s UNSATISFIABLE
981 0.922714 s UNSATISFIABLE
982 0.001272 s UNSATISFIABLE
983 0.001299 s UNSATISFIABLE
984 0.002509 s UNSATISFIABLE
985 0.702475 s UNSATISFIABLE
986 0.001359 s UNSATISFIABLE
987 0 s UNSATISFIABLE
988 0.002316 s UNSATISFIABLE
989 0.828694 s UNSATISFIABLE
990 0.988012 s UNSATISFIABLE
991 2100.62 s UNSATISFIABLE
992 0 s UNSATISFIABLE
993 0.002445 s UNSATISFIABLE
994 0 s UNSATISFIABLE
995 0 s UNSATISFIABLE
996 1.13756 s UNSATISFIABLE
997 0.626476 s UNSATISFIABLE
998 38.5608 s UNSATISFIABLE
999 0.86761 s UNSATISFIABLE
1000 0.682123 s UNSATISFIABLE
1001 0.79941 s UNSATISFIABLE
1002 0.725823 s UNSATISFIABLE
1003 1.06775 s UNSATISFIABLE
1004 1.00458 s UNSATISFIABLE
1005 0.748027 s UNSATISFIABLE
1006 0.000775 s UNSATISFIABLE
1007 0.840609 s UNSATISFIABLE
1008 0 s UNSATISFIABLE
1009 0 s UNSATISFIABLE
1010 0 s UNSATISFIABLE
1011 0.00074 s UNSATISFIABLE
1012 0.987753 s UNSATISFIABLE
1013 0.001308 s UNSATISFIABLE
1014 1.31078 s UNSATISFIABLE
1015 1.12184 s UNSATISFIABLE
1016 0.853119 s UNSATISFIABLE
1017 0.893115 s UNSATISFIABLE
1018 1.02397 s UNSATISFIABLE
1019 0.864183 s UNSATISFIABLE
1020 0.00156 s UNSATISFIABLE
1021 0.911223 s UNSATISFIABLE
1022 0.865368 s UNSATISFIABLE
1023 0.851675 s UNSATISFIABLE
1024 0 s UNSATISFIABLE
1025 0.636049 s UNSATISFIABLE
1026 0.794025 s UNSATISFIABLE
1027 0.000745 s UNSATISFIABLE
1028 0.682809 s UNSATISFIABLE
1029 0.834353 s UNSATISFIABLE
1030 0.896894 s UNSATISFIABLE
1031 1.03347 s UNSATISFIABLE
1032 0.00067 s UNSATISFIABLE
1033 0.695183 s UNSATISFIABLE
1034 0.729432 s UNSATISFIABLE
1035 2485.84 s UNSATISFIABLE
1036 0.636586 s UNSATISFIABLE
1037 1.56468 s UNSATISFIABLE
1038 0.842764 s UNSATISFIABLE
1039 0.979029 s UNSATISFIABLE
1040 0.965181 s UNSATISFIABLE
1041 0.928255 s UNSATISFIABLE
1042 0.002366 s UNSATISFIABLE
1043 0.952584 s UNSATISFIABLE
1044 0.001556 s UNSATISFIABLE
1045 0.706553 s UNSATISFIABLE
1046 0 s UNSATISFIABLE
1047 1.13642 s UNSATISFIABLE
1048 0.002005 s UNSATISFIABLE
1049 0 s UNSATISFIABLE
1050 0.002174 s UNSATISFIABLE
1051 0.001326 s UNSATISFIABLE
1052 0.001775 s UNSATISFIABLE
1053 0.851285 s UNSATISFIABLE
1054 0.839651 s UNSATISFIABLE
1055 1.09365 s UNSATISFIABLE
1056 0 s UNSATISFIABLE
1057 0.001225 s UNSATISFIABLE
1058 0.001929 s UNSATISFIABLE
1059 0.697249 s UNSATISFIABLE
1060 0 s UNSATISFIABLE
1061 0.972099 s UNSATISFIABLE
1062 0.826372 s UNSATISFIABLE
1063 0.627888 s UNSATISFIABLE
1064 0.89515 s UNSATISFIABLE
1065 0.001513 s UNSATISFIABLE
1066 0.752718 s UNSATISFIABLE
1067 0.002068 s UNSATISFIABLE
1068 0.754667 s UNSATISFIABLE
1069 0.737533 s UNSATISFIABLE
1070 0.654025 s UNSATISFIABLE
1071 0.00171 s UNSATISFIABLE
1072 0.707964 s UNSATISFIABLE
1073 0.741649 s UNSATISFIABLE
1074 0 s UNSATISFIABLE
1075 0.001367 s UNSATISFIABLE
1076 0.734817 s UNSATISFIABLE
1077 0.000769 s UNSATISFIABLE
1078 0.001258 s UNSATISFIABLE
1079 0.731808 s UNSATISFIABLE
1080 0.757563 s UNSATISFIABLE
1081 0.822867 s UNSATISFIABLE
1082 0.000691 s UNSATISFIABLE
1083 0.865973 s UNSATISFIABLE
1084 0.002554 s UNSATISFIABLE
1085 0 s UNSATISFIABLE
1086 0.923944 s UNSATISFIABLE
1087 0.002231 s UNSATISFIABLE
1088 0.663145 s UNSATISFIABLE
1089 0.784254 s UNSATISFIABLE
1090 0.793029 s UNSATISFIABLE
1091 0 s UNSATISFIABLE
1092 0.810382 s UNSATISFIABLE
1093 0 s UNSATISFIABLE
1094 0.736979 s UNSATISFIABLE
1095 0.001856 s UNSATISFIABLE
1096 0 s UNSATISFIABLE
1097 0.00213 s UNSATISFIABLE
1098 0.000689 s UNSATISFIABLE
1099 0.595046 s UNSATISFIABLE
1100 0.89569 s UNSATISFIABLE
1101 1.07463 s UNSATISFIABLE
1102 0.830296 s UNSATISFIABLE
1103 0.002466 s UNSATISFIABLE
1104 0.825713 s UNSATISFIABLE
1105 0.758833 s UNSATISFIABLE
1106 0.737861 s UNSATISFIABLE
1107 0.757763 s UNSATISFIABLE
1108 0 s UNSATISFIABLE
1109 0.001867 s UNSATISFIABLE
1110 0.001348 s UNSATISFIABLE
1111 0.809586 s UNSATISFIABLE
1112 0.986908 s UNSATISFIABLE
1113 0.001839 s UNSATISFIABLE
1114 0.856636 s UNSATISFIABLE
1115 0.001332 s UNSATISFIABLE
1116 0.002209 s UNSATISFIABLE
1117 0.80966 s UNSATISFIABLE
1118 0.833136 s UNSATISFIABLE
1119 0.980689 s UNSATISFIABLE
1120 0.002254 s UNSATISFIABLE
1121 0.002399 s UNSATISFIABLE
1122 0.810706 s UNSATISFIABLE
1123 0.650873 s UNSATISFIABLE
1124 0.999454 s UNSATISFIABLE
1125 0.002188 s UNSATISFIABLE
1126 0.001446 s UNSATISFIABLE
1127 0 s UNSATISFIABLE
1128 0.650817 s UNSATISFIABLE
1129 0 s UNSATISFIABLE
1130 1.07228 s UNSATISFIABLE
1131 0 s UNSATISFIABLE
1132 0.886973 s UNSATISFIABLE
1133 0.002521 s UNSATISFIABLE
1134 0.646508 s UNSATISFIABLE
1135 0.00164 s UNSATISFIABLE
1136 0 s UNSATISFIABLE
1137 0.001607 s UNSATISFIABLE
1138 0.002194 s UNSATISFIABLE
1139 0.864971 s UNSATISFIABLE
1140 1.09072 s UNSATISFIABLE
1141 0.953666 s UNSATISFIABLE
1142 0.838955 s UNSATISFIABLE
1143 0.893063 s UNSATISFIABLE
1144 0.477316 s UNSATISFIABLE
1145 0.000892 s UNSATISFIABLE
1146 0 s UNSATISFIABLE
1147 0.882964 s UNSATISFIABLE
1148 0.77784 s UNSATISFIABLE
1149 0 s UNSATISFIABLE
1150 0.001583 s UNSATISFIABLE
1151 0.002318 s UNSATISFIABLE
1152 0.001462 s UNSATISFIABLE
1153 0.978595 s UNSATISFIABLE
1154 0 s UNSATISFIABLE
1155 0.00232 s UNSATISFIABLE
1156 0.88167 s UNSATISFIABLE
1157 0 s UNSATISFIABLE
1158 0 s UNSATISFIABLE
1159 0.002096 s UNSATISFIABLE
1160 0 s UNSATISFIABLE
1161 0.002265 s UNSATISFIABLE
1162 0.683199 s UNSATISFIABLE
1163 0.926451 s UNSATISFIABLE
1164 0.002562 s UNSATISFIABLE
1165 0.588436 s UNSATISFIABLE
1166 1.0177 s UNSATISFIABLE
1167 0 s UNSATISFIABLE
1168 0.001434 s UNSATISFIABLE
1169 1.00328 s UNSATISFIABLE
1170 0.001595 s UNSATISFIABLE
1171 0.86325 s UNSATISFIABLE
1172 0 s UNSATISFIABLE
1173 0.799412 s UNSATISFIABLE
1174 0 s UNSATISFIABLE
1175 0.001999 s UNSATISFIABLE
1176 0 s UNSATISFIABLE
1177 0.002089 s UNSATISFIABLE
1178 0 s UNSATISFIABLE
1179 0 s UNSATISFIABLE
1180 0 s UNSATISFIABLE
1181 0.001581 s UNSATISFIABLE
1182 0.002301 s UNSATISFIABLE
1183 0 s UNSATISFIABLE
1184 0 s UNSATISFIABLE
1185 0.001413 s UNSATISFIABLE
1186 0.001496 s UNSATISFIABLE
1187 0.700217 s UNSATISFIABLE
1188 0.694976 s UNSATISFIABLE
1189 1.07473 s UNSATISFIABLE
1190 0.724625 s UNSATISFIABLE
1191 0.97791 s UNSATISFIABLE
1192 0.770881 s UNSATISFIABLE
1193 1.05656 s UNSATISFIABLE
1194 0.757647 s UNSATISFIABLE
1195 0.990724 s UNSATISFIABLE
1196 0.876025 s UNSATISFIABLE
1197 0.606234 s UNSATISFIABLE
1198 0.002104 s UNSATISFIABLE
1199 0.002249 s UNSATISFIABLE
1200 0.001961 s UNSATISFIABLE
1201 0.688928 s UNSATISFIABLE
1202 0.618814 s UNSATISFIABLE
1203 0 s UNSATISFIABLE
1204 0.604424 s UNSATISFIABLE
1205 1.19612 s UNSATISFIABLE
1206 0.787074 s UNSATISFIABLE
1207 0.930364 s UNSATISFIABLE
1208 0 s UNSATISFIABLE
1209 0.731958 s UNSATISFIABLE
1210 0 s UNSATISFIABLE
1211 0.717366 s UNSATISFIABLE
1212 0.629099 s UNSATISFIABLE
1213 0.929132 s UNSATISFIABLE
1214 0.00239 s UNSATISFIABLE
1215 0.002293 s UNSATISFIABLE
1216 0.001854 s UNSATISFIABLE
1217 0.002032 s UNSATISFIABLE
1218 0 s UNSATISFIABLE
1219 0.002262 s UNSATISFIABLE
1220 0.002079 s UNSATISFIABLE
1221 0.750158 s UNSATISFIABLE
1222 0.002295 s UNSATISFIABLE
1223 0.734688 s UNSATISFIABLE
1224 0 s UNSATISFIABLE
1225 0.654596 s UNSATISFIABLE
1226 0.620133 s UNSATISFIABLE
1227 0.921007 s UNSATISFIABLE
1228 0 s UNSATISFIABLE
1229 0.002058 s UNSATISFIABLE
1230 0.001886 s UNSATISFIABLE
1231 0.70535 s UNSATISFIABLE
1232 0.001555 s UNSATISFIABLE
1233 0.002234 s UNSATISFIABLE
1234 0.001729 s UNSATISFIABLE
1235 0.002063 s UNSATISFIABLE
1236 1.3378 s UNSATISFIABLE
1237 0.002239 s UNSATISFIABLE
1238 1.39908 s UNSATISFIABLE
1239 0.001555 s UNSATISFIABLE
1240 0.868811 s UNSATISFIABLE
1241 1.05431 s UNSATISFIABLE
1242 0.862963 s UNSATISFIABLE
1243 0.577704 s UNSATISFIABLE
1244 0.483863 s UNSATISFIABLE
1245 1.02393 s UNSATISFIABLE
1246 0.674952 s UNSATISFIABLE
1247 1.07437 s UNSATISFIABLE
1248 0.757322 s UNSATISFIABLE
1249 0.952363 s UNSATISFIABLE
1250 0.487499 s UNSATISFIABLE
1251 0 s UNSATISFIABLE
1252 0.002075 s UNSATISFIABLE
1253 0.001471 s UNSATISFIABLE
1254 0.00193 s UNSATISFIABLE
1255 0.001451 s UNSATISFIABLE
1256 0.001571 s UNSATISFIABLE
1257 0.002024 s UNSATISFIABLE
1258 0.001884 s UNSATISFIABLE
1259 0.001568 s UNSATISFIABLE
1260 0.001066 s UNSATISFIABLE
1261 0.001854 s UNSATISFIABLE
1262 0.951215 s UNSATISFIABLE
1263 1.06031 s UNSATISFIABLE
1264 0.001971 s UNSATISFIABLE
1265 0.970969 s UNSATISFIABLE
1266 0.00148 s UNSATISFIABLE
1267 0.001963 s UNSATISFIABLE
1268 1.08561 s UNSATISFIABLE
1269 1.02488 s UNSATISFIABLE
1270 0 s UNSATISFIABLE
1271 0.562255 s UNSATISFIABLE
1272 0.002067 s UNSATISFIABLE
1273 0.621625 s UNSATISFIABLE
1274 0.001511 s UNSATISFIABLE
1275 0.001346 s UNSATISFIABLE
1276 0.002185 s UNSATISFIABLE
1277 0.002276 s UNSATISFIABLE
1278 1.22907 s UNSATISFIABLE
1279 0.001602 s UNSATISFIABLE
1280 0 s UNSATISFIABLE
1281 0 s UNSATISFIABLE
1282 0.001041 s UNSATISFIABLE
1283 0.001156 s UNSATISFIABLE
1284 0.432412 s UNSATISFIABLE
1285 3.5e-05 s UNSATISFIABLE
1286 0.934163 s UNSATISFIABLE
1287 0.595848 s UNSATISFIABLE
1288 0 s UNSATISFIABLE
1289 0 s UNSATISFIABLE
1290 0.002073 s UNSATISFIABLE
1291 0 s UNSATISFIABLE
1292 0.84478 s UNSATISFIABLE
1293 0.001477 s UNSATISFIABLE
1294 0.001413 s UNSATISFIABLE
1295 0.001906 s UNSATISFIABLE
1296 0.001569 s UNSATISFIABLE
1297 0.001522 s UNSATISFIABLE
1298 0.002326 s UNSATISFIABLE
1299 0.001853 s UNSATISFIABLE
1300 0.001314 s UNSATISFIABLE
1301 1.03566 s UNSATISFIABLE
1302 0.833683 s UNSATISFIABLE
1303 0 s UNSATISFIABLE
1304 3.6e-05 s UNSATISFIABLE
1305 0.718186 s UNSATISFIABLE
1306 0.794723 s UNSATISFIABLE
1307 0.001407 s UNSATISFIABLE
1308 0 s UNSATISFIABLE
1309 0.001531 s UNSATISFIABLE
1310 0.002112 s UNSATISFIABLE
1311 0.747552 s UNSATISFIABLE
1312 0.909919 s UNSATISFIABLE
1313 0 s UNSATISFIABLE
1314 0.001101 s UNSATISFIABLE
1315 0.002196 s UNSATISFIABLE
1316 0.001426 s UNSATISFIABLE
1317 0 s UNSATISFIABLE
1318 0.002142 s UNSATISFIABLE
1319 0.002279 s UNSATISFIABLE
1320 0.001432 s UNSATISFIABLE
1321 0.00216 s UNSATISFIABLE
1322 0.001048 s UNSATISFIABLE
1323 0.762806 s UNSATISFIABLE
1324 0 s UNSATISFIABLE
1325 0.001549 s UNSATISFIABLE
1326 0.791513 s UNSATISFIABLE
1327 0.681934 s UNSATISFIABLE
1328 0 s UNSATISFIABLE
1329 0.561284 s UNSATISFIABLE
1330 0.961678 s UNSATISFIABLE
1331 0 s UNSATISFIABLE
1332 0 s UNSATISFIABLE
1333 0.638809 s UNSATISFIABLE
1334 0.000824 s UNSATISFIABLE
1335 0.001538 s UNSATISFIABLE
1336 0.002133 s UNSATISFIABLE
1337 0.785953 s UNSATISFIABLE
1338 0.002269 s UNSATISFIABLE
1339 0 s UNSATISFIABLE
1340 0.647883 s UNSATISFIABLE
1341 0.90758 s UNSATISFIABLE
1342 0 s UNSATISFIABLE
1343 0.740281 s UNSATISFIABLE
1344 0.61681 s UNSATISFIABLE
1345 0.002309 s UNSATISFIABLE
1346 0.951156 s UNSATISFIABLE
1347 0 s UNSATISFIABLE
1348 0.608665 s UNSATISFIABLE
1349 0.8945 s UNSATISFIABLE
1350 0.51816 s UNSATISFIABLE
1351 0.736796 s UNSATISFIABLE
1352 0 s UNSATISFIABLE
1353 0 s UNSATISFIABLE
1354 1.1458 s UNSATISFIABLE
1355 0.002077 s UNSATISFIABLE
1356 0.002078 s UNSATISFIABLE
1357 0.695103 s UNSATISFIABLE
1358 0.002145 s UNSATISFIABLE
1359 0.576873 s UNSATISFIABLE
1360 0.82911 s UNSATISFIABLE
1361 0.774005 s UNSATISFIABLE
1362 0 s UNSATISFIABLE
1363 0.001446 s UNSATISFIABLE
1364 0.827484 s UNSATISFIABLE
1365 0.001466 s UNSATISFIABLE
1366 0.830428 s UNSATISFIABLE
1367 0.002051 s UNSATISFIABLE
1368 0 s UNSATISFIABLE
1369 0.798782 s UNSATISFIABLE
1370 0 s UNSATISFIABLE
1371 0.002453 s UNSATISFIABLE
1372 0 s UNSATISFIABLE
1373 1.09674 s UNSATISFIABLE
1374 0.939468 s UNSATISFIABLE
1375 0.000525 s UNSATISFIABLE
1376 0 s UNSATISFIABLE
1377 0 s UNSATISFIABLE
1378 1.04599 s UNSATISFIABLE
1379 0 s UNSATISFIABLE
1380 0 s UNSATISFIABLE
1381 0 s UNSATISFIABLE
1382 0 s UNSATISFIABLE
1383 0.87869 s UNSATISFIABLE
1384 0.762881 s UNSATISFIABLE
1385 0 s UNSATISFIABLE
1386 0.971171 s UNSATISFIABLE
1387 0.799723 s UNSATISFIABLE
1388 0.001899 s UNSATISFIABLE
1389 0 s UNSATISFIABLE
1390 0 s UNSATISFIABLE
1391 0.000793 s UNSATISFIABLE
1392 0.824648 s UNSATISFIABLE
1393 0 s UNSATISFIABLE
1394 0.797734 s UNSATISFIABLE
1395 0.002161 s UNSATISFIABLE
1396 0.823735 s UNSATISFIABLE
1397 0 s UNSATISFIABLE
1398 0 s UNSATISFIABLE
1399 0.00106 s UNSATISFIABLE
1400 0 s UNSATISFIABLE
1401 0 s UNSATISFIABLE
1402 0.843903 s UNSATISFIABLE
1403 0.368276 s UNSATISFIABLE
1404 0.00122 s UNSATISFIABLE
1405 0.87455 s UNSATISFIABLE
1406 0 s UNSATISFIABLE
1407 0 s UNSATISFIABLE
1408 0.002179 s UNSATISFIABLE
1409 0.001208 s UNSATISFIABLE
1410 0.555266 s UNSATISFIABLE
1411 0 s UNSATISFIABLE
1412 0 s UNSATISFIABLE
1413 0 s UNSATISFIABLE
1414 0.002054 s UNSATISFIABLE
1415 0 s UNSATISFIABLE
1416 0.002269 s UNSATISFIABLE
1417 0.001979 s UNSATISFIABLE
1418 0.001024 s UNSATISFIABLE
1419 0.001303 s UNSATISFIABLE
1420 0.001381 s UNSATISFIABLE
1421 0.002382 s UNSATISFIABLE
1422 0.001669 s UNSATISFIABLE
1423 0.001204 s UNSATISFIABLE
1424 0.651586 s UNSATISFIABLE
1425 0.689754 s UNSATISFIABLE
1426 0 s UNSATISFIABLE
1427 0.392304 s UNSATISFIABLE
1428 0.000835 s UNSATISFIABLE
1429 1.51633 s UNSATISFIABLE
1430 0.00191 s UNSATISFIABLE
1431 1.0451 s UNSATISFIABLE
1432 0 s UNSATISFIABLE
1433 0 s UNSATISFIABLE
1434 0.799273 s UNSATISFIABLE
1435 1.065 s UNSATISFIABLE
1436 0.749818 s UNSATISFIABLE
1437 0 s UNSATISFIABLE
1438 0.002141 s UNSATISFIABLE
1439 0.001527 s UNSATISFIABLE
1440 0.834828 s UNSATISFIABLE
1441 0.002282 s UNSATISFIABLE
1442 0 s UNSATISFIABLE
1443 0.814089 s UNSATISFIABLE
1444 0.699562 s UNSATISFIABLE
1445 0 s UNSATISFIABLE
1446 0 s UNSATISFIABLE
1447 0.000718 s UNSATISFIABLE
1448 0.813256 s UNSATISFIABLE
1449 0.001251 s UNSATISFIABLE
1450 0.001276 s UNSATISFIABLE
1451 0.001367 s UNSATISFIABLE
1452 0 s UNSATISFIABLE
1453 0.001325 s UNSATISFIABLE
1454 0.001045 s UNSATISFIABLE
1455 0.689397 s UNSATISFIABLE
1456 0.753046 s UNSATISFIABLE
1457 0.001354 s UNSATISFIABLE
1458 0.002332 s UNSATISFIABLE
1459 0 s UNSATISFIABLE
1460 0.001913 s UNSATISFIABLE
1461 0.735895 s UNSATISFIABLE
1462 0 s UNSATISFIABLE
1463 0.708452 s UNSATISFIABLE
1464 0.00199 s UNSATISFIABLE
1465 0.002072 s UNSATISFIABLE
1466 0.001713 s UNSATISFIABLE
1467 0.000822 s UNSATISFIABLE
1468 0.770237 s UNSATISFIABLE
1469 0 s UNSATISFIABLE
1470 0.786719 s UNSATISFIABLE
1471 0.002115 s UNSATISFIABLE
1472 0.002134 s UNSATISFIABLE
1473 0.001553 s UNSATISFIABLE
1474 0.001976 s UNSATISFIABLE
1475 0.001536 s UNSATISFIABLE
1476 1.69465 s UNSATISFIABLE
1477 0.00215 s UNSATISFIABLE
1478 1.12932 s UNSATISFIABLE
1479 0.001828 s UNSATISFIABLE
1480 0.001479 s UNSATISFIABLE
1481 0 s UNSATISFIABLE
1482 0.002072 s UNSATISFIABLE
1483 0 s UNSATISFIABLE
1484 0 s UNSATISFIABLE
1485 0.001442 s UNSATISFIABLE
1486 0.684079 s UNSATISFIABLE
1487 1.39165 s UNSATISFIABLE
1488 0.001413 s UNSATISFIABLE
1489 0.001876 s UNSATISFIABLE
1490 0 s UNSATISFIABLE
1491 1.10994 s UNSATISFIABLE
1492 0 s UNSATISFIABLE
1493 0.001353 s UNSATISFIABLE
1494 1.11511 s UNSATISFIABLE
1495 0.905193 s UNSATISFIABLE
1496 0.901909 s UNSATISFIABLE
1497 0.730294 s UNSATISFIABLE
1498 0.995272 s UNSATISFIABLE
1499 0.877198 s UNSATISFIABLE
1500 1.00707 s UNSATISFIABLE
1501 0.823744 s UNSATISFIABLE
1502 0.002091 s UNSATISFIABLE
1503 0.002111 s UNSATISFIABLE
1504 0 s UNSATISFIABLE
1505 0.001558 s UNSATISFIABLE
1506 0 s UNSATISFIABLE
1507 0.001865 s UNSATISFIABLE
1508 0 s UNSATISFIABLE
1509 0.002198 s UNSATISFIABLE
1510 0.002085 s UNSATISFIABLE
1511 0 s UNSATISFIABLE
1512 0 s UNSATISFIABLE
1513 0.001902 s UNSATISFIABLE
1514 0.001461 s UNSATISFIABLE
1515 0.001453 s UNSATISFIABLE
1516 0.001518 s UNSATISFIABLE
1517 0.002178 s UNSATISFIABLE
1518 0 s UNSATISFIABLE
1519 0.002049 s UNSATISFIABLE
1520 0.002089 s UNSATISFIABLE
1521 0 s UNSATISFIABLE
1522 0 s UNSATISFIABLE
1523 0.002051 s UNSATISFIABLE
1524 0 s UNSATISFIABLE
1525 0.001959 s UNSATISFIABLE
1526 0.001355 s UNSATISFIABLE
1527 0.001384 s UNSATISFIABLE
1528 1.09939 s UNSATISFIABLE
1529 0.002218 s UNSATISFIABLE
1530 0 s UNSATISFIABLE
1531 1.06854 s UNSATISFIABLE
1532 0.672841 s UNSATISFIABLE
1533 0.5305 s UNSATISFIABLE
1534 0.000793 s UNSATISFIABLE
1535 0.696718 s UNSATISFIABLE
1536 0.906956 s UNSATISFIABLE
1537 0.0023 s UNSATISFIABLE
1538 0.671369 s UNSATISFIABLE
1539 1.01145 s UNSATISFIABLE
1540 0.002009 s UNSATISFIABLE
1541 0.887265 s UNSATISFIABLE
1542 0.569093 s UNSATISFIABLE
1543 0.001983 s UNSATISFIABLE
1544 0 s UNSATISFIABLE
1545 0 s UNSATISFIABLE
1546 0.002227 s UNSATISFIABLE
1547 0 s UNSATISFIABLE
1548 0 s UNSATISFIABLE
1549 0.545911 s UNSATISFIABLE
1550 0 s UNSATISFIABLE
1551 0.509584 s UNSATISFIABLE
1552 0.001562 s UNSATISFIABLE
1553 0 s UNSATISFIABLE
1554 0 s UNSATISFIABLE
1555 0.002006 s UNSATISFIABLE
1556 0 s UNSATISFIABLE
1557 0.001779 s UNSATISFIABLE
1558 0.001348 s UNSATISFIABLE
1559 0 s UNSATISFIABLE
1560 0.002135 s UNSATISFIABLE
1561 1.74044 s UNSATISFIABLE
1562 0 s UNSATISFIABLE
1563 0.002063 s UNSATISFIABLE
1564 0.593096 s UNSATISFIABLE
1565 0.001099 s UNSATISFIABLE
1566 0.626233 s UNSATISFIABLE
1567 0 s UNSATISFIABLE
1568 0.83252 s UNSATISFIABLE
1569 0.001418 s UNSATISFIABLE
1570 0.88801 s UNSATISFIABLE
1571 0.64022 s UNSATISFIABLE
1572 0.001467 s UNSATISFIABLE
1573 0.001947 s UNSATISFIABLE
1574 0 s UNSATISFIABLE
1575 0 s UNSATISFIABLE
1576 1.009 s UNSATISFIABLE
1577 0.798546 s UNSATISFIABLE
1578 0.760208 s UNSATISFIABLE
1579 1.3644 s UNSATISFIABLE
1580 0 s UNSATISFIABLE
1581 0.727625 s UNSATISFIABLE
1582 2.10707 s UNSATISFIABLE
1583 0.001374 s UNSATISFIABLE
1584 2.55088 s UNSATISFIABLE
1585 1.56626 s UNSATISFIABLE
1586 0.002184 s UNSATISFIABLE
1587 1.27371 s UNSATISFIABLE
1588 0.001874 s UNSATISFIABLE
1589 0 s UNSATISFIABLE
1590 0.002003 s UNSATISFIABLE
1591 0.001572 s UNSATISFIABLE
1592 0.002179 s UNSATISFIABLE
1593 0.001582 s UNSATISFIABLE
1594 0.001519 s UNSATISFIABLE
1595 0.002143 s UNSATISFIABLE
1596 0.00195 s UNSATISFIABLE
1597 14.4282 s UNSATISFIABLE
1598 0.000553 s UNSATISFIABLE
1599 0 s UNSATISFIABLE
1600 0.001499 s UNSATISFIABLE
1601 0 s UNSATISFIABLE
1602 0.001616 s UNSATISFIABLE
1603 0.001486 s UNSATISFIABLE
1604 0.001867 s UNSATISFIABLE
1605 0.700574 s UNSATISFIABLE
1606 0.001368 s UNSATISFIABLE
1607 0.001499 s UNSATISFIABLE
1608 0.420348 s UNSATISFIABLE
1609 0.835813 s UNSATISFIABLE
1610 0 s UNSATISFIABLE
1611 0.001877 s UNSATISFIABLE
1612 1.07068 s UNSATISFIABLE
1613 0.002144 s UNSATISFIABLE
1614 1.59689 s UNSATISFIABLE
1615 0.395029 s UNSATISFIABLE
1616 0 s UNSATISFIABLE
1617 0 s UNSATISFIABLE
1618 0.001585 s UNSATISFIABLE
1619 1.13493 s UNSATISFIABLE
1620 0.000441 s UNSATISFIABLE
1621 0 s UNSATISFIABLE
1622 0 s UNSATISFIABLE
1623 0 s UNSATISFIABLE
1624 0.945706 s UNSATISFIABLE
1625 0.000774 s UNSATISFIABLE
1626 1.87707 s UNSATISFIABLE
1627 0 s UNSATISFIABLE
1628 0 s UNSATISFIABLE
1629 0 s UNSATISFIABLE
1630 1.58151 s UNSATISFIABLE
1631 0.00209 s UNSATISFIABLE
1632 0.001469 s UNSATISFIABLE
1633 0 s UNSATISFIABLE
1634 0.860307 s UNSATISFIABLE
1635 9.95262 s UNSATISFIABLE
1636 0 s UNSATISFIABLE
1637 0.001469 s UNSATISFIABLE
1638 0 s UNSATISFIABLE
1639 0.94762 s UNSATISFIABLE
1640 5.31942 s UNSATISFIABLE
1641 0.882432 s UNSATISFIABLE
1642 0.002397 s UNSATISFIABLE
1643 0.000503 s UNSATISFIABLE
1644 0.002305 s UNSATISFIABLE
1645 0.00078 s UNSATISFIABLE
1646 1.15377 s UNSATISFIABLE
1647 1.09384 s UNSATISFIABLE
1648 0.002275 s UNSATISFIABLE
1649 0 s UNSATISFIABLE
1650 0.001555 s UNSATISFIABLE
1651 0 s UNSATISFIABLE
1652 0 s UNSATISFIABLE
1653 0.002422 s UNSATISFIABLE
1654 9.85603 s UNSATISFIABLE
1655 1.00421 s UNSATISFIABLE
1656 0.00155 s UNSATISFIABLE
1657 0 s UNSATISFIABLE
1658 0.002344 s UNSATISFIABLE
1659 0.001206 s UNSATISFIABLE
1660 0.00193 s UNSATISFIABLE
1661 0.001882 s UNSATISFIABLE
1662 0.001581 s UNSATISFIABLE
1663 0.000858 s UNSATISFIABLE
1664 0 s UNSATISFIABLE
1665 0 s UNSATISFIABLE
1666 0.001588 s UNSATISFIABLE
1667 0 s UNSATISFIABLE
1668 0.000618 s UNSATISFIABLE
1669 0.000655 s UNSATISFIABLE
1670 0 s UNSATISFIABLE
1671 0 s UNSATISFIABLE
1672 0.001135 s UNSATISFIABLE
1673 0 s UNSATISFIABLE
1674 3.97259 s UNSATISFIABLE
1675 0 s UNSATISFIABLE
1676 0 s UNSATISFIABLE
1677 0 s UNSATISFIABLE
