============================[ Problem Statistics ]=============================
|                                                                             |
|  Number of variables:          6160                                         |
|  Number of clauses:         2496012                                         |
|  Parse time:                  23.08 s                                       |
|  Simplification time:          0.00 s                                       |
|                                                                             |
============================[ Search Statistics ]====================================================
| Conflicts |          ORIGINAL         |          LEARNT          | Num Sols |      SUBGRAPHS      |
|           |    Vars  Clauses Literals |    Limit  Clauses Lit/Cl |          | Canonical Noncanon. |
=====================================================================================================
|       247 |    6160  2496159 762376213 |     2000      247     29 |       52 |        83        95 |
|       660 |    6160  2496422 762395492 |     2000      660     24 |      131 |       242       279 |
|      1135 |    6160  2496672 762413643 |     2000     1135     21 |      149 |       302       511 |
|      1854 |    5856  1640734 518616905 |     2000     1832     28 |      187 |       416       855 |
|      5064 |    5856  1643438 518813231 |     4999     2263     16 |      497 |      1093      3249 |
|      8325 |    5853  1645940 518985778 |     6300     3024     17 |     1322 |      2451      4926 |
|     12317 |    5848  1648793 519184742 |     7552     3867     16 |     2047 |      3684      7054 |
|     17634 |    5847  1652402 519432536 |     8778     5411     19 |     3246 |      5455      9464 |
|     28743 |    5842  1660949 520063539 |    11200     7140     21 |     5701 |      9138     15556 |
|     43463 |    5841  1671825 520853583 |    13607    10069     19 |     8946 |     14174     23187 |
|     71133 |    5841  1693729 522496332 |    17210    15543     16 |    14210 |     21711     39827 |
|    112454 |    5841  1726401 524981454 |    22011    18865     16 |    22256 |     31395     64453 |
|    164895 |    5841  1765868 528006560 |    26810    23705     16 |    33693 |     44134     92483 |
|    230171 |    5838  1811683 531536529 |    32816    15987     13 |    46347 |     57963    125644 |
|    309859 |    5837  1862179 535425673 |    37614    26472     14 |    60971 |     73621    161516 |
|    412840 |    5836  1921371 540009350 |    43603    29443     12 |    80035 |     93643    201644 |
=====================================================================================================
Number of solutions   : 85286       
Canonical subgraphs   : 99009          (38 /sec)
          order  3    : 1              (inf /sec)
          order  4    : 1              (inf /sec)
          order  5    : 2              (inf /sec)
          order  6    : 6              (inf /sec)
          order  7    : 18             (inf /sec)
          order  8    : 46             (2944 /sec)
          order  9    : 130            (4160 /sec)
          order 10    : 436            (473 /sec)
          order 11    : 1805           (165 /sec)
          order 12    : 11278          (70 /sec)
          order 13    : 85286          (35 /sec)
          order 14    : 0              (-nan /sec)
          order 15    : 0              (-nan /sec)
          order 16    : 0              (-nan /sec)
          order 17    : 0              (-nan /sec)
          order 18    : 0              (-nan /sec)
          order 19    : 0              (-nan /sec)
          order 20    : 0              (-nan /sec)
          order 21    : 0              (-nan /sec)
          order 22    : 0              (-nan /sec)
Noncanonical subgraphs: 216316         (933 /sec)
          order  3    : 0              (-nan /sec)
          order  4    : 0              (-nan /sec)
          order  5    : 0              (-nan /sec)
          order  6    : 0              (-nan /sec)
          order  7    : 4              (inf /sec)
          order  8    : 30             (inf /sec)
          order  9    : 200            (inf /sec)
          order 10    : 994            (63616 /sec)
          order 11    : 5035           (7161 /sec)
          order 12    : 29239          (2305 /sec)
          order 13    : 180814         (828 /sec)
          order 14    : 0              (-nan /sec)
          order 15    : 0              (-nan /sec)
          order 16    : 0              (-nan /sec)
          order 17    : 0              (-nan /sec)
          order 18    : 0              (-nan /sec)
          order 19    : 0              (-nan /sec)
          order 20    : 0              (-nan /sec)
          order 21    : 0              (-nan /sec)
Canonicity checking   : 2845.06 s
database reductions   : 35
restarts              : 1022
conflicts             : 448712         (117 /sec)
decisions             : 814978         (0.00 % random) (212 /sec)
propagations          : 78584664       (20462 /sec)
conflict literals     : 7855001        (71.59 % deleted)
actual reward         : 0.030472
Memory used           : 2679.72 MB
CPU time              : 3840.56 s

UNSATISFIABLE
